<?xml version="1.0" encoding="UTF-8"?>
<testsuite name="ReportTest" tests="2" skipped="0" failures="0" errors="0" timestamp="2022-12-14T03:35:50" hostname="DESKTOP-29CPMJ4" time="0.043">
  <properties/>
  <testcase name="rejectReport()" classname="ReportTest" time="0.012"/>
  <testcase name="addReport()" classname="ReportTest" time="0.028"/>
  <system-out><![CDATA[User Input Report Context = SpamContents
reportID : 1 reportMemberID : aa0000 reportedMemberID : aa1111 ReportContext : SpamContents
Judgement = true
User Input Report Context = SpamContents
reportID : 1 reportMemberID : aa0000 reportedMemberID : aa1111 ReportContext : SpamContents
Judgement = true
Reported Member's Info = 
aa111123aa1111@naver.com010-1111-1111
aa1111 member has been blocked
개인계정 저장 성공
개인계정 저장 성공
개인계정 저장 성공
개인계정 저장 성공
개인계정 저장 성공
개인계정 저장 성공
개인계정 저장 성공
개인계정 저장 성공
개인회원 정보 수정 성공
]]></system-out>
  <system-err><![CDATA[]]></system-err>
</testsuite>
