<?xml version="1.0" encoding="UTF-8"?>
<testsuite name="AccountTest" tests="17" skipped="0" failures="0" errors="0" timestamp="2022-12-14T13:03:49" hostname="DESKTOP-29CPMJ4" time="0.2">
  <properties/>
  <testcase name="UC6.1-개인 회원 정보 수정 - 비밀번호 불일치 실패" classname="AccountTest" time="0.027"/>
  <testcase name="UC7.1-개인 회원 탈퇴" classname="AccountTest" time="0.007"/>
  <testcase name="UC2-실패(사업자번호 형식 틀림)" classname="AccountTest" time="0.006"/>
  <testcase name="UC7.2-기업 회원 탈퇴" classname="AccountTest" time="0.012"/>
  <testcase name="UC1-정상" classname="AccountTest" time="0.005"/>
  <testcase name="UC7.2-기업 회원 탈퇴 실패 - 비밀번호 불일치" classname="AccountTest" time="0.005"/>
  <testcase name="UC2-정상" classname="AccountTest" time="0.006"/>
  <testcase name="UC6.2-기업회원정보 수정 정상" classname="AccountTest" time="0.066"/>
  <testcase name="UC1-실패(이메일 형식 틀림)" classname="AccountTest" time="0.011"/>
  <testcase name="UC3-정상(개인로그인)" classname="AccountTest" time="0.004"/>
  <testcase name="UC6.1-개인회원정보 수정 정상" classname="AccountTest" time="0.012"/>
  <testcase name="UC3-정상(기업로그인)" classname="AccountTest" time="0.006"/>
  <testcase name="UC6.2-기업 회원 정보 수정 - 비밀번호 불일치 실패" classname="AccountTest" time="0.005"/>
  <testcase name="UC3-실패(비밀번호 잘못 입력)" classname="AccountTest" time="0.004"/>
  <testcase name="UC7.1-개인 회원 탈퇴 실패 - 비밀번호 불일치" classname="AccountTest" time="0.005"/>
  <testcase name="UC1-실패(타입 잘못 입력)" classname="AccountTest" time="0.004"/>
  <testcase name="UC2-실패(타입 잘못 입력)" classname="AccountTest" time="0.003"/>
  <system-out><![CDATA[DBBoundary - clearDB() visited
DBBoundary - clearDB() visited
DBBoundary - saveEnterDB() visited
DBBoundary - saveEnterDB() visited
DBBoundary - saveIndiDB() visited
DBBoundary - saveIndiDB() visited
AccountBoundary - modifyIndividualInfo() visited
AccountController - getIndividualAccounts() visited
DBBoundary - readIndiDB() visited
AccountController - verifyPassword() visited
AccountController - getIndividualAccounts() visited
DBBoundary - readIndiDB() visited
AccountController - getEnterpriseAccounts() visited
DBBoundary - readEnterDB() visited
AccountBoundary - permission() visited
권한 성공
AccountController - modifyIndividualAccountInfo() visited
AccountController - getIndividualAccounts() visited
DBBoundary - readIndiDB() visited
DBBoundary - saveIndiDB() visited
DBBoundary - clearDB() visited
DBBoundary - saveIndiDB() visited
DBBoundary - saveIndiDB() visited
개인회원 정보 수정 성공
AccountBoundary - showResultMessage() visited
종료
DBBoundary - clearDB() visited
DBBoundary - clearDB() visited
DBBoundary - saveEnterDB() visited
DBBoundary - saveEnterDB() visited
DBBoundary - saveIndiDB() visited
DBBoundary - saveIndiDB() visited
AccountBoundary - withdrawAccount() visited
AccountController - getIndividualAccounts() visited
DBBoundary - readIndiDB() visited
AccountController - verifyPassword() visited
AccountController - getIndividualAccounts() visited
DBBoundary - readIndiDB() visited
AccountController - getEnterpriseAccounts() visited
DBBoundary - readEnterDB() visited
AccountBoundary - permission() visited
AccountController - showWithdrawalTerms() visited
탈퇴 약관
AccountController - deleteAccount() visited
AccountController - getIndividualAccounts() visited
DBBoundary - readIndiDB() visited
DBBoundary - saveIndiDB() visited
DBBoundary - clearDB() visited
DBBoundary - saveIndiDB() visited
개인회원 탈퇴 성공
권한 성공
AccountBoundary - showResultMessage() visited
종료
DBBoundary - clearDB() visited
DBBoundary - clearDB() visited
DBBoundary - saveEnterDB() visited
DBBoundary - saveEnterDB() visited
DBBoundary - saveIndiDB() visited
DBBoundary - saveIndiDB() visited
Boundary - startSignup() visited
AccountController - showTermsOfService() visited
이용약관에 대해 안내드립니다.
Boundary - inputValidationInput() visited
AccountController - isValidate() visited
AccountBoundary - permission() visited
권한 실패
인증정보를 정확히 입력해주세요.
AccountBoundary - permission() visited
DBBoundary - clearDB() visited
DBBoundary - clearDB() visited
DBBoundary - saveEnterDB() visited
DBBoundary - saveEnterDB() visited
DBBoundary - saveIndiDB() visited
DBBoundary - saveIndiDB() visited
AccountBoundary - withdrawAccount() visited
AccountController - getEnterpriseAccounts() visited
DBBoundary - readEnterDB() visited
AccountController - verifyPassword() visited
AccountController - getIndividualAccounts() visited
DBBoundary - readIndiDB() visited
AccountController - getEnterpriseAccounts() visited
DBBoundary - readEnterDB() visited
AccountBoundary - permission() visited
AccountController - showWithdrawalTerms() visited
탈퇴 약관
AccountController - deleteAccount() visited
AccountController - getEnterpriseAccounts() visited
DBBoundary - readEnterDB() visited
DBBoundary - saveEnterDB() visited
DBBoundary - clearDB() visited
DBBoundary - saveEnterDB() visited
DBBoundary - saveEnterDB() visited
DBBoundary - saveEnterDB() visited
DBBoundary - saveEnterDB() visited
DBBoundary - saveEnterDB() visited
DBBoundary - saveEnterDB() visited
DBBoundary - saveEnterDB() visited
DBBoundary - saveEnterDB() visited
DBBoundary - saveEnterDB() visited
기업회원 탈퇴 성공
권한 성공
AccountBoundary - showResultMessage() visited
종료
DBBoundary - clearDB() visited
DBBoundary - clearDB() visited
DBBoundary - saveEnterDB() visited
DBBoundary - saveEnterDB() visited
DBBoundary - saveIndiDB() visited
DBBoundary - saveIndiDB() visited
Boundary - startSignup() visited
AccountController - showTermsOfService() visited
이용약관에 대해 안내드립니다.
Boundary - inputValidationInput() visited
AccountController - isValidate() visited
권한 성공
AccountBoundary - permission() visited
Boundary - indiSignup() visited
AccountController - signupIndividual() visited
DBBoundary - saveIndiDB() visited
Signup Success!
your Id: aa1234
DBBoundary - clearDB() visited
DBBoundary - clearDB() visited
DBBoundary - saveEnterDB() visited
DBBoundary - saveEnterDB() visited
DBBoundary - saveIndiDB() visited
DBBoundary - saveIndiDB() visited
AccountBoundary - withdrawAccount() visited
AccountController - getEnterpriseAccounts() visited
DBBoundary - readEnterDB() visited
AccountController - verifyPassword() visited
AccountController - getIndividualAccounts() visited
DBBoundary - readIndiDB() visited
AccountController - getEnterpriseAccounts() visited
DBBoundary - readEnterDB() visited
비밀번호 불일치
AccountBoundary - permission() visited
권한 실패
AccountBoundary - showResultMessage() visited
종료
DBBoundary - clearDB() visited
DBBoundary - clearDB() visited
DBBoundary - saveEnterDB() visited
DBBoundary - saveEnterDB() visited
DBBoundary - saveIndiDB() visited
DBBoundary - saveIndiDB() visited
Boundary - startSignup() visited
AccountController - showTermsOfService() visited
이용약관에 대해 안내드립니다.
Boundary - inputValidationInput() visited
AccountController - isValidate() visited
권한 성공
AccountBoundary - permission() visited
AccountBoundary - enterSignup() visited
AccountController - signupEnterprise() visited
AccountController - isValidate() visited
DBBoundary - saveEnterDB() visited
Signup Success!
your Id: bb134
DBBoundary - clearDB() visited
DBBoundary - clearDB() visited
DBBoundary - saveEnterDB() visited
DBBoundary - saveEnterDB() visited
DBBoundary - saveIndiDB() visited
DBBoundary - saveIndiDB() visited
DBBoundary - readEnterDB() visited
id : bb1111
name : blueswimming
Location : Daegu
id : bb0000
name : steakhouse
Location : Daegu
id : bb1111
name : blueswimming
Location : Daegu
id : bb0000
name : steakhouse
Location : Daegu
id : bb1111
name : blueswimming
Location : Daegu
id : bb0000
name : steakhouse
Location : Daegu
id : bb1111
name : blueswimming
Location : Daegu
id : bb0000
name : steakhouse
Location : Daegu
id : bb1111
name : blueswimming
Location : Daegu
id : bb0000
name : steakhouse
Location : Daegu
id : bb1111
name : blueswimming
Location : Daegu
id : bb0000
name : steakhouse
Location : Daegu
id : bb1111
name : blueswimming
Location : Daegu
id : bb134
name : KakaoEnterprise
Location : Daegu
id : bb0000
name : steakhouse
Location : Daegu
id : bb1111
name : blueswimming
Location : Daegu
--------------modify---------------
AccountBoundary - modifyEnterpriseInfo() visited
AccountController - getEnterpriseAccounts() visited
DBBoundary - readEnterDB() visited
AccountController - verifyPassword() visited
AccountController - getIndividualAccounts() visited
DBBoundary - readIndiDB() visited
AccountController - getEnterpriseAccounts() visited
DBBoundary - readEnterDB() visited
AccountBoundary - permission() visited
권한 성공
AccountController - modifyEnterpriseAccountInfo() visited
AccountController - getEnterpriseAccounts() visited
DBBoundary - readEnterDB() visited
DBBoundary - saveEnterDB() visited
DBBoundary - clearDB() visited
DBBoundary - saveEnterDB() visited
DBBoundary - saveEnterDB() visited
DBBoundary - saveEnterDB() visited
DBBoundary - saveEnterDB() visited
DBBoundary - saveEnterDB() visited
DBBoundary - saveEnterDB() visited
DBBoundary - saveEnterDB() visited
DBBoundary - saveEnterDB() visited
DBBoundary - saveEnterDB() visited
DBBoundary - saveEnterDB() visited
DBBoundary - saveEnterDB() visited
DBBoundary - saveEnterDB() visited
DBBoundary - saveEnterDB() visited
DBBoundary - saveEnterDB() visited
DBBoundary - saveEnterDB() visited
DBBoundary - saveEnterDB() visited
DBBoundary - saveEnterDB() visited
DBBoundary - saveEnterDB() visited
DBBoundary - saveEnterDB() visited
DBBoundary - saveEnterDB() visited
DBBoundary - saveEnterDB() visited
DBBoundary - saveEnterDB() visited
기업회원 정보 수정 성공
AccountBoundary - showResultMessage() visited
종료
-------------------------------------------
AccountBoundary - modifyEnterpriseInfo() visited
AccountController - getEnterpriseAccounts() visited
DBBoundary - readEnterDB() visited
AccountController - verifyPassword() visited
AccountController - getIndividualAccounts() visited
DBBoundary - readIndiDB() visited
AccountController - getEnterpriseAccounts() visited
DBBoundary - readEnterDB() visited
AccountBoundary - permission() visited
권한 성공
AccountController - modifyEnterpriseAccountInfo() visited
AccountController - getEnterpriseAccounts() visited
DBBoundary - readEnterDB() visited
DBBoundary - saveEnterDB() visited
DBBoundary - clearDB() visited
DBBoundary - saveEnterDB() visited
DBBoundary - saveEnterDB() visited
DBBoundary - saveEnterDB() visited
DBBoundary - saveEnterDB() visited
DBBoundary - saveEnterDB() visited
DBBoundary - saveEnterDB() visited
DBBoundary - saveEnterDB() visited
DBBoundary - saveEnterDB() visited
DBBoundary - saveEnterDB() visited
DBBoundary - saveEnterDB() visited
DBBoundary - saveEnterDB() visited
DBBoundary - saveEnterDB() visited
DBBoundary - saveEnterDB() visited
DBBoundary - saveEnterDB() visited
DBBoundary - saveEnterDB() visited
DBBoundary - saveEnterDB() visited
DBBoundary - saveEnterDB() visited
DBBoundary - saveEnterDB() visited
DBBoundary - saveEnterDB() visited
DBBoundary - saveEnterDB() visited
DBBoundary - saveEnterDB() visited
DBBoundary - saveEnterDB() visited
DBBoundary - saveEnterDB() visited
DBBoundary - saveEnterDB() visited
DBBoundary - saveEnterDB() visited
DBBoundary - saveEnterDB() visited
DBBoundary - saveEnterDB() visited
DBBoundary - saveEnterDB() visited
DBBoundary - saveEnterDB() visited
DBBoundary - saveEnterDB() visited
DBBoundary - saveEnterDB() visited
DBBoundary - saveEnterDB() visited
DBBoundary - saveEnterDB() visited
DBBoundary - saveEnterDB() visited
DBBoundary - saveEnterDB() visited
DBBoundary - saveEnterDB() visited
DBBoundary - saveEnterDB() visited
DBBoundary - saveEnterDB() visited
DBBoundary - saveEnterDB() visited
DBBoundary - saveEnterDB() visited
DBBoundary - saveEnterDB() visited
DBBoundary - saveEnterDB() visited
DBBoundary - saveEnterDB() visited
DBBoundary - saveEnterDB() visited
DBBoundary - saveEnterDB() visited
DBBoundary - saveEnterDB() visited
DBBoundary - saveEnterDB() visited
DBBoundary - saveEnterDB() visited
DBBoundary - saveEnterDB() visited
DBBoundary - saveEnterDB() visited
DBBoundary - saveEnterDB() visited
DBBoundary - saveEnterDB() visited
DBBoundary - saveEnterDB() visited
DBBoundary - saveEnterDB() visited
DBBoundary - saveEnterDB() visited
DBBoundary - saveEnterDB() visited
DBBoundary - saveEnterDB() visited
DBBoundary - saveEnterDB() visited
DBBoundary - saveEnterDB() visited
DBBoundary - saveEnterDB() visited
DBBoundary - saveEnterDB() visited
DBBoundary - saveEnterDB() visited
DBBoundary - saveEnterDB() visited
DBBoundary - saveEnterDB() visited
DBBoundary - saveEnterDB() visited
DBBoundary - saveEnterDB() visited
DBBoundary - saveEnterDB() visited
DBBoundary - saveEnterDB() visited
DBBoundary - saveEnterDB() visited
DBBoundary - saveEnterDB() visited
DBBoundary - saveEnterDB() visited
DBBoundary - saveEnterDB() visited
DBBoundary - saveEnterDB() visited
DBBoundary - saveEnterDB() visited
DBBoundary - saveEnterDB() visited
DBBoundary - saveEnterDB() visited
DBBoundary - saveEnterDB() visited
DBBoundary - saveEnterDB() visited
DBBoundary - saveEnterDB() visited
DBBoundary - saveEnterDB() visited
DBBoundary - saveEnterDB() visited
DBBoundary - saveEnterDB() visited
DBBoundary - saveEnterDB() visited
DBBoundary - saveEnterDB() visited
DBBoundary - saveEnterDB() visited
DBBoundary - saveEnterDB() visited
DBBoundary - saveEnterDB() visited
DBBoundary - saveEnterDB() visited
기업회원 정보 수정 성공
AccountBoundary - showResultMessage() visited
종료
--------------result----------------
DBBoundary - readEnterDB() visited
id : bb1111
name : blueswimming
Location : Daegu
id : bb1111
name : blueswimming
Location : Daegu
id : bb1111
name : blueswimming
Location : Daegu
id : bb0000
name : steakhouse
Location : Daegu
id : bb1111
name : blueswimming
Location : Daegu
id : bb0000
name : steakhouse
Location : Daegu
id : bb1111
name : blueswimming
Location : Daegu
id : bb0000
name : steakhouse
Location : Daegu
id : bb1111
name : blueswimming
Location : Daegu
id : bb0000
name : steakhouse
Location : Daegu
id : bb1111
name : blueswimming
Location : Daegu
id : bb134
name : KakaoEnterprise
Location : Daegu
id : bb0000
name : steakhouse
Location : Daegu
id : bb1111
name : blueswimming
Location : Daegu
id : bb0000
name : steakhouse
Location : Daegu
id : bb1111
name : blueswimming
Location : Daegu
id : bb0000
name : steakhouse
Location : Daegu
id : bb1111
name : blueswimming
Location : Daegu
id : bb0000
name : steakhouse
Location : Daegu
id : bb1111
name : blueswimming
Location : Daegu
id : bb0000
name : different_company_Name
Location : Daegu
id : bb1111
name : blueswimming
Location : Daegu
id : bb1111
name : blueswimming
Location : Daegu
id : bb0000
name : steakhouse
Location : Daegu
id : bb1111
name : blueswimming
Location : Daegu
id : bb0000
name : steakhouse
Location : Daegu
id : bb1111
name : blueswimming
Location : Daegu
id : bb0000
name : steakhouse
Location : Daegu
id : bb1111
name : blueswimming
Location : Daegu
id : bb0000
name : steakhouse
Location : Daegu
id : bb1111
name : blueswimming
Location : Daegu
id : bb0000
name : steakhouse
Location : Daegu
id : bb1111
name : blueswimming
Location : Daegu
id : bb134
name : KakaoEnterprise
Location : Daegu
id : bb0000
name : steakhouse
Location : Daegu
id : bb1111
name : blueswimming
Location : Daegu
id : bb0000
name : steakhouse
Location : Daegu
id : bb1111
name : blueswimming
Location : Daegu
id : bb0000
name : steakhouse
Location : Daegu
id : bb1111
name : blueswimming
Location : Daegu
id : bb0000
name : steakhouse
Location : Daegu
id : bb1111
name : blueswimming
Location : Daegu
id : bb0000
name : different_company_Name
Location : Daegu
id : bb1111
name : blueswimming
Location : Daegu
id : bb1111
name : blueswimming
Location : Daegu
id : bb0000
name : steakhouse
Location : Daegu
id : bb1111
name : blueswimming
Location : Daegu
id : bb0000
name : steakhouse
Location : Daegu
id : bb1111
name : blueswimming
Location : Daegu
id : bb0000
name : steakhouse
Location : Daegu
id : bb1111
name : blueswimming
Location : Daegu
id : bb0000
name : steakhouse
Location : Daegu
id : bb1111
name : blueswimming
Location : Daegu
id : bb0000
name : steakhouse
Location : Daegu
id : bb1111
name : blueswimming
Location : Daegu
id : bb134
name : KakaoEnterprise
Location : Daegu
id : bb0000
name : steakhouse
Location : Daegu
id : bb1111
name : blueswimming
Location : Daegu
id : bb0000
name : steakhouse
Location : Daegu
id : bb1111
name : blueswimming
Location : Daegu
id : bb0000
name : steakhouse
Location : Daegu
id : bb1111
name : blueswimming
Location : Daegu
id : bb0000
name : steakhouse
Location : Daegu
id : bb1111
name : blueswimming
Location : Daegu
id : bb0000
name : different_company_Name
Location : Daegu
id : bb1111
name : blueswimming
Location : Daegu
id : bb1111
name : blueswimming
Location : Daegu
id : bb0000
name : steakhouse
Location : Daegu
id : bb1111
name : blueswimming
Location : Daegu
id : bb0000
name : steakhouse
Location : Daegu
id : bb1111
name : blueswimming
Location : Daegu
id : bb0000
name : steakhouse
Location : Daegu
id : bb1111
name : blueswimming
Location : Daegu
id : bb0000
name : steakhouse
Location : Daegu
id : bb1111
name : blueswimming
Location : Daegu
id : bb0000
name : steakhouse
Location : Daegu
id : bb1111
name : blueswimming
Location : Daegu
id : bb134
name : KakaoEnterprise
Location : Daegu
id : bb0000
name : steakhouse
Location : Daegu
id : bb1111
name : blueswimming
Location : Daegu
id : bb0000
name : steakhouse
Location : Daegu
id : bb1111
name : blueswimming
Location : Daegu
id : bb0000
name : steakhouse
Location : Daegu
id : bb1111
name : blueswimming
Location : Daegu
id : bb0000
name : steakhouse
Location : Daegu
id : bb1111
name : blueswimming
Location : Daegu
id : bb0000
name : different_company_Name
Location : Daegu
id : bb0000
name : steakhouse
Location : Seoul
id : bb1111
name : blueswimming
Location : Daegu
id : bb1111
name : blueswimming
Location : Daegu
id : bb1111
name : blueswimming
Location : Daegu
id : bb0000
name : steakhouse
Location : Daegu
id : bb1111
name : blueswimming
Location : Daegu
id : bb0000
name : steakhouse
Location : Daegu
id : bb1111
name : blueswimming
Location : Daegu
id : bb0000
name : steakhouse
Location : Daegu
id : bb1111
name : blueswimming
Location : Daegu
id : bb0000
name : steakhouse
Location : Daegu
id : bb1111
name : blueswimming
Location : Daegu
id : bb134
name : KakaoEnterprise
Location : Daegu
id : bb0000
name : steakhouse
Location : Daegu
id : bb1111
name : blueswimming
Location : Daegu
id : bb0000
name : steakhouse
Location : Daegu
id : bb1111
name : blueswimming
Location : Daegu
id : bb0000
name : steakhouse
Location : Daegu
id : bb1111
name : blueswimming
Location : Daegu
id : bb0000
name : steakhouse
Location : Daegu
id : bb1111
name : blueswimming
Location : Daegu
id : bb0000
name : different_company_Name
Location : Daegu
id : bb1111
name : blueswimming
Location : Daegu
id : bb1111
name : blueswimming
Location : Daegu
id : bb0000
name : steakhouse
Location : Daegu
id : bb1111
name : blueswimming
Location : Daegu
id : bb0000
name : steakhouse
Location : Daegu
id : bb1111
name : blueswimming
Location : Daegu
id : bb0000
name : steakhouse
Location : Daegu
id : bb1111
name : blueswimming
Location : Daegu
id : bb0000
name : steakhouse
Location : Daegu
id : bb1111
name : blueswimming
Location : Daegu
id : bb0000
name : steakhouse
Location : Daegu
id : bb1111
name : blueswimming
Location : Daegu
id : bb134
name : KakaoEnterprise
Location : Daegu
id : bb0000
name : steakhouse
Location : Daegu
id : bb1111
name : blueswimming
Location : Daegu
id : bb0000
name : steakhouse
Location : Daegu
id : bb1111
name : blueswimming
Location : Daegu
id : bb0000
name : steakhouse
Location : Daegu
id : bb1111
name : blueswimming
Location : Daegu
id : bb0000
name : steakhouse
Location : Daegu
id : bb1111
name : blueswimming
Location : Daegu
id : bb0000
name : different_company_Name
Location : Daegu
id : bb1111
name : blueswimming
Location : Daegu
id : bb1111
name : blueswimming
Location : Daegu
id : bb0000
name : steakhouse
Location : Daegu
id : bb1111
name : blueswimming
Location : Daegu
id : bb0000
name : steakhouse
Location : Daegu
id : bb1111
name : blueswimming
Location : Daegu
id : bb0000
name : steakhouse
Location : Daegu
id : bb1111
name : blueswimming
Location : Daegu
id : bb0000
name : steakhouse
Location : Daegu
id : bb1111
name : blueswimming
Location : Daegu
id : bb0000
name : steakhouse
Location : Daegu
id : bb1111
name : blueswimming
Location : Daegu
id : bb134
name : KakaoEnterprise
Location : Daegu
id : bb0000
name : steakhouse
Location : Daegu
id : bb1111
name : blueswimming
Location : Daegu
id : bb0000
name : steakhouse
Location : Daegu
id : bb1111
name : blueswimming
Location : Daegu
id : bb0000
name : steakhouse
Location : Daegu
id : bb1111
name : blueswimming
Location : Daegu
id : bb0000
name : steakhouse
Location : Daegu
id : bb1111
name : blueswimming
Location : Daegu
id : bb0000
name : different_company_Name
Location : Daegu
id : bb1111
name : blueswimming
Location : Daegu
id : bb1111
name : blueswimming
Location : Daegu
id : bb0000
name : steakhouse
Location : Daegu
id : bb1111
name : blueswimming
Location : Daegu
id : bb0000
name : steakhouse
Location : Daegu
id : bb1111
name : blueswimming
Location : Daegu
id : bb0000
name : steakhouse
Location : Daegu
id : bb1111
name : blueswimming
Location : Daegu
id : bb0000
name : steakhouse
Location : Daegu
id : bb1111
name : blueswimming
Location : Daegu
id : bb0000
name : steakhouse
Location : Daegu
id : bb1111
name : blueswimming
Location : Daegu
id : bb134
name : KakaoEnterprise
Location : Daegu
id : bb0000
name : steakhouse
Location : Daegu
id : bb1111
name : blueswimming
Location : Daegu
id : bb0000
name : steakhouse
Location : Daegu
id : bb1111
name : blueswimming
Location : Daegu
id : bb0000
name : steakhouse
Location : Daegu
id : bb1111
name : blueswimming
Location : Daegu
id : bb0000
name : steakhouse
Location : Daegu
id : bb1111
name : blueswimming
Location : Daegu
id : bb0000
name : different_company_Name
Location : Daegu
id : bb0000
name : steakhouse
Location : Seoul
DBBoundary - clearDB() visited
DBBoundary - clearDB() visited
DBBoundary - saveEnterDB() visited
DBBoundary - saveEnterDB() visited
DBBoundary - saveIndiDB() visited
DBBoundary - saveIndiDB() visited
Boundary - startSignup() visited
AccountController - showTermsOfService() visited
이용약관에 대해 안내드립니다.
Boundary - inputValidationInput() visited
AccountController - isValidate() visited
AccountBoundary - permission() visited
권한 실패
인증정보를 정확히 입력해주세요.
AccountBoundary - permission() visited
DBBoundary - clearDB() visited
DBBoundary - clearDB() visited
DBBoundary - saveEnterDB() visited
DBBoundary - saveEnterDB() visited
DBBoundary - saveIndiDB() visited
DBBoundary - saveIndiDB() visited
AccountBoundary - signIn() visited
AccountController - signinIndividual() visited
DBBoundary - readIndiDB() visited
AccountBoundary - permission() visited
권한 성공
개인 id는: aa1111
DBBoundary - clearDB() visited
DBBoundary - clearDB() visited
DBBoundary - saveEnterDB() visited
DBBoundary - saveEnterDB() visited
DBBoundary - saveIndiDB() visited
DBBoundary - saveIndiDB() visited
DBBoundary - readIndiDB() visited
id : aa0000
name : janny
Age : 25
id : aa1111
name : Tom
Age : 21
--------------modify---------------
AccountBoundary - modifyIndividualInfo() visited
AccountController - getIndividualAccounts() visited
DBBoundary - readIndiDB() visited
AccountController - verifyPassword() visited
AccountController - getIndividualAccounts() visited
DBBoundary - readIndiDB() visited
AccountController - getEnterpriseAccounts() visited
DBBoundary - readEnterDB() visited
AccountBoundary - permission() visited
권한 성공
AccountController - modifyIndividualAccountInfo() visited
AccountController - getIndividualAccounts() visited
DBBoundary - readIndiDB() visited
DBBoundary - saveIndiDB() visited
DBBoundary - clearDB() visited
DBBoundary - saveIndiDB() visited
DBBoundary - saveIndiDB() visited
개인회원 정보 수정 성공
AccountBoundary - showResultMessage() visited
종료
-------------------------------------------
AccountBoundary - modifyIndividualInfo() visited
AccountController - getIndividualAccounts() visited
DBBoundary - readIndiDB() visited
AccountController - verifyPassword() visited
AccountController - getIndividualAccounts() visited
DBBoundary - readIndiDB() visited
AccountController - getEnterpriseAccounts() visited
DBBoundary - readEnterDB() visited
AccountBoundary - permission() visited
권한 성공
AccountController - modifyIndividualAccountInfo() visited
AccountController - getIndividualAccounts() visited
DBBoundary - readIndiDB() visited
DBBoundary - saveIndiDB() visited
DBBoundary - clearDB() visited
DBBoundary - saveIndiDB() visited
DBBoundary - saveIndiDB() visited
개인회원 정보 수정 성공
AccountBoundary - showResultMessage() visited
종료
--------------result----------------
DBBoundary - readIndiDB() visited
id : aa0000
name : different_Name
Age : 25
id : aa1111
name : Tom
Age : 88
DBBoundary - clearDB() visited
DBBoundary - clearDB() visited
DBBoundary - saveEnterDB() visited
DBBoundary - saveEnterDB() visited
DBBoundary - saveIndiDB() visited
DBBoundary - saveIndiDB() visited
AccountBoundary - signIn() visited
AccountController - signinEnterprise() visited
DBBoundary - readEnterDB() visited
기업id는 : bb1111
AccountBoundary - permission() visited
권한 성공
기업id는 : bb1111
DBBoundary - clearDB() visited
DBBoundary - clearDB() visited
DBBoundary - saveEnterDB() visited
DBBoundary - saveEnterDB() visited
DBBoundary - saveIndiDB() visited
DBBoundary - saveIndiDB() visited
AccountBoundary - modifyEnterpriseInfo() visited
AccountController - getEnterpriseAccounts() visited
DBBoundary - readEnterDB() visited
AccountController - verifyPassword() visited
AccountController - getIndividualAccounts() visited
DBBoundary - readIndiDB() visited
AccountController - getEnterpriseAccounts() visited
DBBoundary - readEnterDB() visited
비밀번호 불일치
AccountBoundary - permission() visited
권한 실패
AccountBoundary - showResultMessage() visited
종료
DBBoundary - clearDB() visited
DBBoundary - clearDB() visited
DBBoundary - saveEnterDB() visited
DBBoundary - saveEnterDB() visited
DBBoundary - saveIndiDB() visited
DBBoundary - saveIndiDB() visited
AccountBoundary - signIn() visited
AccountController - signinIndividual() visited
DBBoundary - readIndiDB() visited
AccountBoundary - permission() visited
권한 실패
AccountBoundary - permission() visited
비밀번호가 틀렸습니다
DBBoundary - clearDB() visited
DBBoundary - clearDB() visited
DBBoundary - saveEnterDB() visited
DBBoundary - saveEnterDB() visited
DBBoundary - saveIndiDB() visited
DBBoundary - saveIndiDB() visited
AccountBoundary - withdrawAccount() visited
AccountController - getIndividualAccounts() visited
DBBoundary - readIndiDB() visited
AccountController - verifyPassword() visited
AccountController - getIndividualAccounts() visited
DBBoundary - readIndiDB() visited
AccountController - getEnterpriseAccounts() visited
DBBoundary - readEnterDB() visited
비밀번호 불일치
AccountBoundary - permission() visited
권한 실패
AccountBoundary - showResultMessage() visited
종료
DBBoundary - clearDB() visited
DBBoundary - clearDB() visited
DBBoundary - saveEnterDB() visited
DBBoundary - saveEnterDB() visited
DBBoundary - saveIndiDB() visited
DBBoundary - saveIndiDB() visited
Boundary - startSignup() visited
AccountController - showTermsOfService() visited
이용약관에 대해 안내드립니다.
Boundary - inputValidationInput() visited
AccountBoundary - permission() visited
권한 실패
타입은 Individual과 Enterprise 중 하나로 입력해주세요
DBBoundary - clearDB() visited
DBBoundary - clearDB() visited
DBBoundary - saveEnterDB() visited
DBBoundary - saveEnterDB() visited
DBBoundary - saveIndiDB() visited
DBBoundary - saveIndiDB() visited
Boundary - startSignup() visited
AccountController - showTermsOfService() visited
이용약관에 대해 안내드립니다.
Boundary - inputValidationInput() visited
AccountBoundary - permission() visited
권한 실패
타입은 Individual과 Enterprise 중 하나로 입력해주세요
]]></system-out>
  <system-err><![CDATA[]]></system-err>
</testsuite>
