<?xml version="1.0" encoding="UTF-8"?>
<testsuite name="AccountTest" tests="17" skipped="0" failures="0" errors="0" timestamp="2022-12-14T12:20:51" hostname="DESKTOP-29CPMJ4" time="0.166">
  <properties/>
  <testcase name="UC6.1-개인 회원 정보 수정 - 비밀번호 불일치 실패" classname="AccountTest" time="0.022"/>
  <testcase name="UC7.1-개인 회원 탈퇴" classname="AccountTest" time="0.007"/>
  <testcase name="UC2-실패(사업자번호 형식 틀림)" classname="AccountTest" time="0.005"/>
  <testcase name="UC7.2-기업 회원 탈퇴" classname="AccountTest" time="0.009"/>
  <testcase name="UC1-정상" classname="AccountTest" time="0.005"/>
  <testcase name="UC7.2-기업 회원 탈퇴 실패 - 비밀번호 불일치" classname="AccountTest" time="0.004"/>
  <testcase name="UC2-정상" classname="AccountTest" time="0.006"/>
  <testcase name="UC6.2-기업회원정보 수정 정상" classname="AccountTest" time="0.06"/>
  <testcase name="UC1-실패(이메일 형식 틀림)" classname="AccountTest" time="0.005"/>
  <testcase name="UC3-정상(개인로그인)" classname="AccountTest" time="0.004"/>
  <testcase name="UC6.1-개인회원정보 수정 정상" classname="AccountTest" time="0.009"/>
  <testcase name="UC3-정상(기업로그인)" classname="AccountTest" time="0.003"/>
  <testcase name="UC6.2-기업 회원 정보 수정 - 비밀번호 불일치 실패" classname="AccountTest" time="0.003"/>
  <testcase name="UC3-실패(비밀번호 잘못 입력)" classname="AccountTest" time="0.003"/>
  <testcase name="UC7.1-개인 회원 탈퇴 실패 - 비밀번호 불일치" classname="AccountTest" time="0.004"/>
  <testcase name="UC1-실패(타입 잘못 입력)" classname="AccountTest" time="0.003"/>
  <testcase name="UC2-실패(타입 잘못 입력)" classname="AccountTest" time="0.002"/>
  <system-out><![CDATA[권한 성공
개인회원 정보 수정 성공
종료
탈퇴 약관
개인회원 탈퇴 성공
권한 성공
종료
이용약관에 대해 안내드립니다.
권한 실패
인증정보를 정확히 입력해주세요.
탈퇴 약관
기업회원 탈퇴 성공
권한 성공
종료
이용약관에 대해 안내드립니다.
권한 성공
Signup Success!
your Id: aa1234
비밀번호 불일치
권한 실패
종료
이용약관에 대해 안내드립니다.
권한 성공
Signup Success!
your Id: bb134
id : bb1111
name : blueswimming
Location : Daegu
id : bb0000
name : steakhouse
Location : Daegu
id : bb1111
name : blueswimming
Location : Daegu
id : bb0000
name : steakhouse
Location : Daegu
id : bb1111
name : blueswimming
Location : Daegu
id : bb0000
name : steakhouse
Location : Daegu
id : bb1111
name : blueswimming
Location : Daegu
id : bb0000
name : steakhouse
Location : Daegu
id : bb1111
name : blueswimming
Location : Daegu
id : bb0000
name : steakhouse
Location : Daegu
id : bb1111
name : blueswimming
Location : Daegu
id : bb0000
name : steakhouse
Location : Daegu
id : bb1111
name : blueswimming
Location : Daegu
id : bb134
name : KakaoEnterprise
Location : Daegu
id : bb0000
name : steakhouse
Location : Daegu
id : bb1111
name : blueswimming
Location : Daegu
--------------modify---------------
권한 성공
기업회원 정보 수정 성공
종료
-------------------------------------------
권한 성공
기업회원 정보 수정 성공
종료
--------------result----------------
id : bb1111
name : blueswimming
Location : Daegu
id : bb1111
name : blueswimming
Location : Daegu
id : bb1111
name : blueswimming
Location : Daegu
id : bb0000
name : steakhouse
Location : Daegu
id : bb1111
name : blueswimming
Location : Daegu
id : bb0000
name : steakhouse
Location : Daegu
id : bb1111
name : blueswimming
Location : Daegu
id : bb0000
name : steakhouse
Location : Daegu
id : bb1111
name : blueswimming
Location : Daegu
id : bb0000
name : steakhouse
Location : Daegu
id : bb1111
name : blueswimming
Location : Daegu
id : bb134
name : KakaoEnterprise
Location : Daegu
id : bb0000
name : steakhouse
Location : Daegu
id : bb1111
name : blueswimming
Location : Daegu
id : bb0000
name : steakhouse
Location : Daegu
id : bb1111
name : blueswimming
Location : Daegu
id : bb0000
name : steakhouse
Location : Daegu
id : bb1111
name : blueswimming
Location : Daegu
id : bb0000
name : steakhouse
Location : Daegu
id : bb1111
name : blueswimming
Location : Daegu
id : bb0000
name : different_company_Name
Location : Daegu
id : bb1111
name : blueswimming
Location : Daegu
id : bb1111
name : blueswimming
Location : Daegu
id : bb0000
name : steakhouse
Location : Daegu
id : bb1111
name : blueswimming
Location : Daegu
id : bb0000
name : steakhouse
Location : Daegu
id : bb1111
name : blueswimming
Location : Daegu
id : bb0000
name : steakhouse
Location : Daegu
id : bb1111
name : blueswimming
Location : Daegu
id : bb0000
name : steakhouse
Location : Daegu
id : bb1111
name : blueswimming
Location : Daegu
id : bb0000
name : steakhouse
Location : Daegu
id : bb1111
name : blueswimming
Location : Daegu
id : bb134
name : KakaoEnterprise
Location : Daegu
id : bb0000
name : steakhouse
Location : Daegu
id : bb1111
name : blueswimming
Location : Daegu
id : bb0000
name : steakhouse
Location : Daegu
id : bb1111
name : blueswimming
Location : Daegu
id : bb0000
name : steakhouse
Location : Daegu
id : bb1111
name : blueswimming
Location : Daegu
id : bb0000
name : steakhouse
Location : Daegu
id : bb1111
name : blueswimming
Location : Daegu
id : bb0000
name : different_company_Name
Location : Daegu
id : bb1111
name : blueswimming
Location : Daegu
id : bb1111
name : blueswimming
Location : Daegu
id : bb0000
name : steakhouse
Location : Daegu
id : bb1111
name : blueswimming
Location : Daegu
id : bb0000
name : steakhouse
Location : Daegu
id : bb1111
name : blueswimming
Location : Daegu
id : bb0000
name : steakhouse
Location : Daegu
id : bb1111
name : blueswimming
Location : Daegu
id : bb0000
name : steakhouse
Location : Daegu
id : bb1111
name : blueswimming
Location : Daegu
id : bb0000
name : steakhouse
Location : Daegu
id : bb1111
name : blueswimming
Location : Daegu
id : bb134
name : KakaoEnterprise
Location : Daegu
id : bb0000
name : steakhouse
Location : Daegu
id : bb1111
name : blueswimming
Location : Daegu
id : bb0000
name : steakhouse
Location : Daegu
id : bb1111
name : blueswimming
Location : Daegu
id : bb0000
name : steakhouse
Location : Daegu
id : bb1111
name : blueswimming
Location : Daegu
id : bb0000
name : steakhouse
Location : Daegu
id : bb1111
name : blueswimming
Location : Daegu
id : bb0000
name : different_company_Name
Location : Daegu
id : bb1111
name : blueswimming
Location : Daegu
id : bb1111
name : blueswimming
Location : Daegu
id : bb0000
name : steakhouse
Location : Daegu
id : bb1111
name : blueswimming
Location : Daegu
id : bb0000
name : steakhouse
Location : Daegu
id : bb1111
name : blueswimming
Location : Daegu
id : bb0000
name : steakhouse
Location : Daegu
id : bb1111
name : blueswimming
Location : Daegu
id : bb0000
name : steakhouse
Location : Daegu
id : bb1111
name : blueswimming
Location : Daegu
id : bb0000
name : steakhouse
Location : Daegu
id : bb1111
name : blueswimming
Location : Daegu
id : bb134
name : KakaoEnterprise
Location : Daegu
id : bb0000
name : steakhouse
Location : Daegu
id : bb1111
name : blueswimming
Location : Daegu
id : bb0000
name : steakhouse
Location : Daegu
id : bb1111
name : blueswimming
Location : Daegu
id : bb0000
name : steakhouse
Location : Daegu
id : bb1111
name : blueswimming
Location : Daegu
id : bb0000
name : steakhouse
Location : Daegu
id : bb1111
name : blueswimming
Location : Daegu
id : bb0000
name : different_company_Name
Location : Daegu
id : bb0000
name : steakhouse
Location : Seoul
id : bb1111
name : blueswimming
Location : Daegu
id : bb1111
name : blueswimming
Location : Daegu
id : bb1111
name : blueswimming
Location : Daegu
id : bb0000
name : steakhouse
Location : Daegu
id : bb1111
name : blueswimming
Location : Daegu
id : bb0000
name : steakhouse
Location : Daegu
id : bb1111
name : blueswimming
Location : Daegu
id : bb0000
name : steakhouse
Location : Daegu
id : bb1111
name : blueswimming
Location : Daegu
id : bb0000
name : steakhouse
Location : Daegu
id : bb1111
name : blueswimming
Location : Daegu
id : bb134
name : KakaoEnterprise
Location : Daegu
id : bb0000
name : steakhouse
Location : Daegu
id : bb1111
name : blueswimming
Location : Daegu
id : bb0000
name : steakhouse
Location : Daegu
id : bb1111
name : blueswimming
Location : Daegu
id : bb0000
name : steakhouse
Location : Daegu
id : bb1111
name : blueswimming
Location : Daegu
id : bb0000
name : steakhouse
Location : Daegu
id : bb1111
name : blueswimming
Location : Daegu
id : bb0000
name : different_company_Name
Location : Daegu
id : bb1111
name : blueswimming
Location : Daegu
id : bb1111
name : blueswimming
Location : Daegu
id : bb0000
name : steakhouse
Location : Daegu
id : bb1111
name : blueswimming
Location : Daegu
id : bb0000
name : steakhouse
Location : Daegu
id : bb1111
name : blueswimming
Location : Daegu
id : bb0000
name : steakhouse
Location : Daegu
id : bb1111
name : blueswimming
Location : Daegu
id : bb0000
name : steakhouse
Location : Daegu
id : bb1111
name : blueswimming
Location : Daegu
id : bb0000
name : steakhouse
Location : Daegu
id : bb1111
name : blueswimming
Location : Daegu
id : bb134
name : KakaoEnterprise
Location : Daegu
id : bb0000
name : steakhouse
Location : Daegu
id : bb1111
name : blueswimming
Location : Daegu
id : bb0000
name : steakhouse
Location : Daegu
id : bb1111
name : blueswimming
Location : Daegu
id : bb0000
name : steakhouse
Location : Daegu
id : bb1111
name : blueswimming
Location : Daegu
id : bb0000
name : steakhouse
Location : Daegu
id : bb1111
name : blueswimming
Location : Daegu
id : bb0000
name : different_company_Name
Location : Daegu
id : bb1111
name : blueswimming
Location : Daegu
id : bb1111
name : blueswimming
Location : Daegu
id : bb0000
name : steakhouse
Location : Daegu
id : bb1111
name : blueswimming
Location : Daegu
id : bb0000
name : steakhouse
Location : Daegu
id : bb1111
name : blueswimming
Location : Daegu
id : bb0000
name : steakhouse
Location : Daegu
id : bb1111
name : blueswimming
Location : Daegu
id : bb0000
name : steakhouse
Location : Daegu
id : bb1111
name : blueswimming
Location : Daegu
id : bb0000
name : steakhouse
Location : Daegu
id : bb1111
name : blueswimming
Location : Daegu
id : bb134
name : KakaoEnterprise
Location : Daegu
id : bb0000
name : steakhouse
Location : Daegu
id : bb1111
name : blueswimming
Location : Daegu
id : bb0000
name : steakhouse
Location : Daegu
id : bb1111
name : blueswimming
Location : Daegu
id : bb0000
name : steakhouse
Location : Daegu
id : bb1111
name : blueswimming
Location : Daegu
id : bb0000
name : steakhouse
Location : Daegu
id : bb1111
name : blueswimming
Location : Daegu
id : bb0000
name : different_company_Name
Location : Daegu
id : bb1111
name : blueswimming
Location : Daegu
id : bb1111
name : blueswimming
Location : Daegu
id : bb0000
name : steakhouse
Location : Daegu
id : bb1111
name : blueswimming
Location : Daegu
id : bb0000
name : steakhouse
Location : Daegu
id : bb1111
name : blueswimming
Location : Daegu
id : bb0000
name : steakhouse
Location : Daegu
id : bb1111
name : blueswimming
Location : Daegu
id : bb0000
name : steakhouse
Location : Daegu
id : bb1111
name : blueswimming
Location : Daegu
id : bb0000
name : steakhouse
Location : Daegu
id : bb1111
name : blueswimming
Location : Daegu
id : bb134
name : KakaoEnterprise
Location : Daegu
id : bb0000
name : steakhouse
Location : Daegu
id : bb1111
name : blueswimming
Location : Daegu
id : bb0000
name : steakhouse
Location : Daegu
id : bb1111
name : blueswimming
Location : Daegu
id : bb0000
name : steakhouse
Location : Daegu
id : bb1111
name : blueswimming
Location : Daegu
id : bb0000
name : steakhouse
Location : Daegu
id : bb1111
name : blueswimming
Location : Daegu
id : bb0000
name : different_company_Name
Location : Daegu
id : bb0000
name : steakhouse
Location : Seoul
이용약관에 대해 안내드립니다.
권한 실패
인증정보를 정확히 입력해주세요.
권한 성공
개인 id는: aa1111
id : aa0000
name : janny
Age : 25
id : aa1111
name : Tom
Age : 21
--------------modify---------------
권한 성공
개인회원 정보 수정 성공
종료
-------------------------------------------
권한 성공
개인회원 정보 수정 성공
종료
--------------result----------------
id : aa0000
name : different_Name
Age : 25
id : aa1111
name : Tom
Age : 88
기업id는 : bb1111
권한 성공
기업id는 : bb1111
비밀번호 불일치
권한 실패
종료
권한 실패
비밀번호가 틀렸습니다
비밀번호 불일치
권한 실패
종료
이용약관에 대해 안내드립니다.
권한 실패
타입은 Individual과 Enterprise 중 하나로 입력해주세요
이용약관에 대해 안내드립니다.
권한 실패
타입은 Individual과 Enterprise 중 하나로 입력해주세요
]]></system-out>
  <system-err><![CDATA[]]></system-err>
</testsuite>
