<?xml version="1.0" encoding="UTF-8"?>
<testsuite name="AccountTest" tests="17" skipped="0" failures="0" errors="0" timestamp="2022-12-14T08:27:46" hostname="DESKTOP-29CPMJ4" time="0.192">
  <properties/>
  <testcase name="UC6.1-媛쒖씤 �쉶�썝 �젙蹂� �닔�젙 - 鍮꾨�踰덊샇 遺덉씪移� �떎�뙣" classname="AccountTest" time="0.026"/>
  <testcase name="UC7.1-媛쒖씤 �쉶�썝 �깉�눜" classname="AccountTest" time="0.007"/>
  <testcase name="UC2-�떎�뙣(�궗�뾽�옄踰덊샇 �삎�떇 ��由�)" classname="AccountTest" time="0.007"/>
  <testcase name="UC7.2-湲곗뾽 �쉶�썝 �깉�눜" classname="AccountTest" time="0.011"/>
  <testcase name="UC1-�젙�긽" classname="AccountTest" time="0.005"/>
  <testcase name="UC7.2-湲곗뾽 �쉶�썝 �깉�눜 �떎�뙣 - 鍮꾨�踰덊샇 遺덉씪移�" classname="AccountTest" time="0.004"/>
  <testcase name="UC2-�젙�긽" classname="AccountTest" time="0.005"/>
  <testcase name="UC6.2-湲곗뾽�쉶�썝�젙蹂� �닔�젙 �젙�긽" classname="AccountTest" time="0.06"/>
  <testcase name="UC1-�떎�뙣(�씠硫붿씪 �삎�떇 ��由�)" classname="AccountTest" time="0.008"/>
  <testcase name="UC3-�젙�긽(媛쒖씤濡쒓렇�씤)" classname="AccountTest" time="0.007"/>
  <testcase name="UC6.1-媛쒖씤�쉶�썝�젙蹂� �닔�젙 �젙�긽" classname="AccountTest" time="0.014"/>
  <testcase name="UC3-�젙�긽(湲곗뾽濡쒓렇�씤)" classname="AccountTest" time="0.005"/>
  <testcase name="UC6.2-湲곗뾽 �쉶�썝 �젙蹂� �닔�젙 - 鍮꾨�踰덊샇 遺덉씪移� �떎�뙣" classname="AccountTest" time="0.004"/>
  <testcase name="UC3-�떎�뙣(鍮꾨�踰덊샇 �옒紐� �엯�젰)" classname="AccountTest" time="0.004"/>
  <testcase name="UC7.1-媛쒖씤 �쉶�썝 �깉�눜 �떎�뙣 - 鍮꾨�踰덊샇 遺덉씪移�" classname="AccountTest" time="0.004"/>
  <testcase name="UC1-�떎�뙣(���엯 �옒紐� �엯�젰)" classname="AccountTest" time="0.003"/>
  <testcase name="UC2-�떎�뙣(���엯 �옒紐� �엯�젰)" classname="AccountTest" time="0.004"/>
  <system-out><![CDATA[沅뚰븳 �꽦怨�
媛쒖씤�쉶�썝 �젙蹂� �닔�젙 �꽦怨�
醫낅즺
�깉�눜 �빟愿�
媛쒖씤�쉶�썝 �깉�눜 �꽦怨�
沅뚰븳 �꽦怨�
醫낅즺
�씠�슜�빟愿��뿉 ���빐 �븞�궡�뱶由쎈땲�떎.
沅뚰븳 �떎�뙣
�씤利앹젙蹂대�� �젙�솗�엳 �엯�젰�빐二쇱꽭�슂.
�깉�눜 �빟愿�
湲곗뾽�쉶�썝 �깉�눜 �꽦怨�
沅뚰븳 �꽦怨�
醫낅즺
�씠�슜�빟愿��뿉 ���빐 �븞�궡�뱶由쎈땲�떎.
沅뚰븳 �꽦怨�
Signup Success!
your Id: individual
鍮꾨�踰덊샇 遺덉씪移�
沅뚰븳 �떎�뙣
醫낅즺
�씠�슜�빟愿��뿉 ���빐 �븞�궡�뱶由쎈땲�떎.
沅뚰븳 �꽦怨�
Signup Success!
your Id: companyid
id : bb1111
name : blueswimming
Location : Daegu
id : bb0000
name : steakhouse
Location : Daegu
id : bb1111
name : blueswimming
Location : Daegu
id : bb0000
name : steakhouse
Location : Daegu
id : bb1111
name : blueswimming
Location : Daegu
id : bb0000
name : steakhouse
Location : Daegu
id : bb1111
name : blueswimming
Location : Daegu
id : bb0000
name : steakhouse
Location : Daegu
id : bb1111
name : blueswimming
Location : Daegu
id : bb0000
name : steakhouse
Location : Daegu
id : bb1111
name : blueswimming
Location : Daegu
id : bb0000
name : steakhouse
Location : Daegu
id : bb1111
name : blueswimming
Location : Daegu
id : companyid
name : KakaoEnterprise
Location : Daegu
id : bb0000
name : steakhouse
Location : Daegu
id : bb1111
name : blueswimming
Location : Daegu
--------------modify---------------
沅뚰븳 �꽦怨�
湲곗뾽�쉶�썝 �젙蹂� �닔�젙 �꽦怨�
醫낅즺
-------------------------------------------
沅뚰븳 �꽦怨�
湲곗뾽�쉶�썝 �젙蹂� �닔�젙 �꽦怨�
醫낅즺
--------------result----------------
id : bb1111
name : blueswimming
Location : Daegu
id : bb1111
name : blueswimming
Location : Daegu
id : bb1111
name : blueswimming
Location : Daegu
id : bb0000
name : steakhouse
Location : Daegu
id : bb1111
name : blueswimming
Location : Daegu
id : bb0000
name : steakhouse
Location : Daegu
id : bb1111
name : blueswimming
Location : Daegu
id : bb0000
name : steakhouse
Location : Daegu
id : bb1111
name : blueswimming
Location : Daegu
id : bb0000
name : steakhouse
Location : Daegu
id : bb1111
name : blueswimming
Location : Daegu
id : companyid
name : KakaoEnterprise
Location : Daegu
id : bb0000
name : steakhouse
Location : Daegu
id : bb1111
name : blueswimming
Location : Daegu
id : bb0000
name : steakhouse
Location : Daegu
id : bb1111
name : blueswimming
Location : Daegu
id : bb0000
name : steakhouse
Location : Daegu
id : bb1111
name : blueswimming
Location : Daegu
id : bb0000
name : steakhouse
Location : Daegu
id : bb1111
name : blueswimming
Location : Daegu
id : bb0000
name : different_company_Name
Location : Daegu
id : bb1111
name : blueswimming
Location : Daegu
id : bb1111
name : blueswimming
Location : Daegu
id : bb0000
name : steakhouse
Location : Daegu
id : bb1111
name : blueswimming
Location : Daegu
id : bb0000
name : steakhouse
Location : Daegu
id : bb1111
name : blueswimming
Location : Daegu
id : bb0000
name : steakhouse
Location : Daegu
id : bb1111
name : blueswimming
Location : Daegu
id : bb0000
name : steakhouse
Location : Daegu
id : bb1111
name : blueswimming
Location : Daegu
id : bb0000
name : steakhouse
Location : Daegu
id : bb1111
name : blueswimming
Location : Daegu
id : companyid
name : KakaoEnterprise
Location : Daegu
id : bb0000
name : steakhouse
Location : Daegu
id : bb1111
name : blueswimming
Location : Daegu
id : bb0000
name : steakhouse
Location : Daegu
id : bb1111
name : blueswimming
Location : Daegu
id : bb0000
name : steakhouse
Location : Daegu
id : bb1111
name : blueswimming
Location : Daegu
id : bb0000
name : steakhouse
Location : Daegu
id : bb1111
name : blueswimming
Location : Daegu
id : bb0000
name : different_company_Name
Location : Daegu
id : bb1111
name : blueswimming
Location : Daegu
id : bb1111
name : blueswimming
Location : Daegu
id : bb0000
name : steakhouse
Location : Daegu
id : bb1111
name : blueswimming
Location : Daegu
id : bb0000
name : steakhouse
Location : Daegu
id : bb1111
name : blueswimming
Location : Daegu
id : bb0000
name : steakhouse
Location : Daegu
id : bb1111
name : blueswimming
Location : Daegu
id : bb0000
name : steakhouse
Location : Daegu
id : bb1111
name : blueswimming
Location : Daegu
id : bb0000
name : steakhouse
Location : Daegu
id : bb1111
name : blueswimming
Location : Daegu
id : companyid
name : KakaoEnterprise
Location : Daegu
id : bb0000
name : steakhouse
Location : Daegu
id : bb1111
name : blueswimming
Location : Daegu
id : bb0000
name : steakhouse
Location : Daegu
id : bb1111
name : blueswimming
Location : Daegu
id : bb0000
name : steakhouse
Location : Daegu
id : bb1111
name : blueswimming
Location : Daegu
id : bb0000
name : steakhouse
Location : Daegu
id : bb1111
name : blueswimming
Location : Daegu
id : bb0000
name : different_company_Name
Location : Daegu
id : bb1111
name : blueswimming
Location : Daegu
id : bb1111
name : blueswimming
Location : Daegu
id : bb0000
name : steakhouse
Location : Daegu
id : bb1111
name : blueswimming
Location : Daegu
id : bb0000
name : steakhouse
Location : Daegu
id : bb1111
name : blueswimming
Location : Daegu
id : bb0000
name : steakhouse
Location : Daegu
id : bb1111
name : blueswimming
Location : Daegu
id : bb0000
name : steakhouse
Location : Daegu
id : bb1111
name : blueswimming
Location : Daegu
id : bb0000
name : steakhouse
Location : Daegu
id : bb1111
name : blueswimming
Location : Daegu
id : companyid
name : KakaoEnterprise
Location : Daegu
id : bb0000
name : steakhouse
Location : Daegu
id : bb1111
name : blueswimming
Location : Daegu
id : bb0000
name : steakhouse
Location : Daegu
id : bb1111
name : blueswimming
Location : Daegu
id : bb0000
name : steakhouse
Location : Daegu
id : bb1111
name : blueswimming
Location : Daegu
id : bb0000
name : steakhouse
Location : Daegu
id : bb1111
name : blueswimming
Location : Daegu
id : bb0000
name : different_company_Name
Location : Daegu
id : bb0000
name : steakhouse
Location : Seoul
id : bb1111
name : blueswimming
Location : Daegu
id : bb1111
name : blueswimming
Location : Daegu
id : bb1111
name : blueswimming
Location : Daegu
id : bb0000
name : steakhouse
Location : Daegu
id : bb1111
name : blueswimming
Location : Daegu
id : bb0000
name : steakhouse
Location : Daegu
id : bb1111
name : blueswimming
Location : Daegu
id : bb0000
name : steakhouse
Location : Daegu
id : bb1111
name : blueswimming
Location : Daegu
id : bb0000
name : steakhouse
Location : Daegu
id : bb1111
name : blueswimming
Location : Daegu
id : companyid
name : KakaoEnterprise
Location : Daegu
id : bb0000
name : steakhouse
Location : Daegu
id : bb1111
name : blueswimming
Location : Daegu
id : bb0000
name : steakhouse
Location : Daegu
id : bb1111
name : blueswimming
Location : Daegu
id : bb0000
name : steakhouse
Location : Daegu
id : bb1111
name : blueswimming
Location : Daegu
id : bb0000
name : steakhouse
Location : Daegu
id : bb1111
name : blueswimming
Location : Daegu
id : bb0000
name : different_company_Name
Location : Daegu
id : bb1111
name : blueswimming
Location : Daegu
id : bb1111
name : blueswimming
Location : Daegu
id : bb0000
name : steakhouse
Location : Daegu
id : bb1111
name : blueswimming
Location : Daegu
id : bb0000
name : steakhouse
Location : Daegu
id : bb1111
name : blueswimming
Location : Daegu
id : bb0000
name : steakhouse
Location : Daegu
id : bb1111
name : blueswimming
Location : Daegu
id : bb0000
name : steakhouse
Location : Daegu
id : bb1111
name : blueswimming
Location : Daegu
id : bb0000
name : steakhouse
Location : Daegu
id : bb1111
name : blueswimming
Location : Daegu
id : companyid
name : KakaoEnterprise
Location : Daegu
id : bb0000
name : steakhouse
Location : Daegu
id : bb1111
name : blueswimming
Location : Daegu
id : bb0000
name : steakhouse
Location : Daegu
id : bb1111
name : blueswimming
Location : Daegu
id : bb0000
name : steakhouse
Location : Daegu
id : bb1111
name : blueswimming
Location : Daegu
id : bb0000
name : steakhouse
Location : Daegu
id : bb1111
name : blueswimming
Location : Daegu
id : bb0000
name : different_company_Name
Location : Daegu
id : bb1111
name : blueswimming
Location : Daegu
id : bb1111
name : blueswimming
Location : Daegu
id : bb0000
name : steakhouse
Location : Daegu
id : bb1111
name : blueswimming
Location : Daegu
id : bb0000
name : steakhouse
Location : Daegu
id : bb1111
name : blueswimming
Location : Daegu
id : bb0000
name : steakhouse
Location : Daegu
id : bb1111
name : blueswimming
Location : Daegu
id : bb0000
name : steakhouse
Location : Daegu
id : bb1111
name : blueswimming
Location : Daegu
id : bb0000
name : steakhouse
Location : Daegu
id : bb1111
name : blueswimming
Location : Daegu
id : companyid
name : KakaoEnterprise
Location : Daegu
id : bb0000
name : steakhouse
Location : Daegu
id : bb1111
name : blueswimming
Location : Daegu
id : bb0000
name : steakhouse
Location : Daegu
id : bb1111
name : blueswimming
Location : Daegu
id : bb0000
name : steakhouse
Location : Daegu
id : bb1111
name : blueswimming
Location : Daegu
id : bb0000
name : steakhouse
Location : Daegu
id : bb1111
name : blueswimming
Location : Daegu
id : bb0000
name : different_company_Name
Location : Daegu
id : bb1111
name : blueswimming
Location : Daegu
id : bb1111
name : blueswimming
Location : Daegu
id : bb0000
name : steakhouse
Location : Daegu
id : bb1111
name : blueswimming
Location : Daegu
id : bb0000
name : steakhouse
Location : Daegu
id : bb1111
name : blueswimming
Location : Daegu
id : bb0000
name : steakhouse
Location : Daegu
id : bb1111
name : blueswimming
Location : Daegu
id : bb0000
name : steakhouse
Location : Daegu
id : bb1111
name : blueswimming
Location : Daegu
id : bb0000
name : steakhouse
Location : Daegu
id : bb1111
name : blueswimming
Location : Daegu
id : companyid
name : KakaoEnterprise
Location : Daegu
id : bb0000
name : steakhouse
Location : Daegu
id : bb1111
name : blueswimming
Location : Daegu
id : bb0000
name : steakhouse
Location : Daegu
id : bb1111
name : blueswimming
Location : Daegu
id : bb0000
name : steakhouse
Location : Daegu
id : bb1111
name : blueswimming
Location : Daegu
id : bb0000
name : steakhouse
Location : Daegu
id : bb1111
name : blueswimming
Location : Daegu
id : bb0000
name : different_company_Name
Location : Daegu
id : bb0000
name : steakhouse
Location : Seoul
�씠�슜�빟愿��뿉 ���빐 �븞�궡�뱶由쎈땲�떎.
沅뚰븳 �떎�뙣
�씤利앹젙蹂대�� �젙�솗�엳 �엯�젰�빐二쇱꽭�슂.
沅뚰븳 �꽦怨�
媛쒖씤 id�뒗: aa1111
id : aa0000
name : janny
Age : 25
id : aa1111
name : Tom
Age : 21
--------------modify---------------
沅뚰븳 �꽦怨�
媛쒖씤�쉶�썝 �젙蹂� �닔�젙 �꽦怨�
醫낅즺
-------------------------------------------
沅뚰븳 �꽦怨�
媛쒖씤�쉶�썝 �젙蹂� �닔�젙 �꽦怨�
醫낅즺
--------------result----------------
id : aa0000
name : different_Name
Age : 25
id : aa1111
name : Tom
Age : 88
湲곗뾽id�뒗 : bb1111
沅뚰븳 �꽦怨�
湲곗뾽id�뒗 : bb1111
鍮꾨�踰덊샇 遺덉씪移�
沅뚰븳 �떎�뙣
醫낅즺
沅뚰븳 �떎�뙣
鍮꾨�踰덊샇媛� ���졇�뒿�땲�떎
鍮꾨�踰덊샇 遺덉씪移�
沅뚰븳 �떎�뙣
醫낅즺
�씠�슜�빟愿��뿉 ���빐 �븞�궡�뱶由쎈땲�떎.
沅뚰븳 �떎�뙣
���엯�� Individual怨� Enterprise 以� �븯�굹濡� �엯�젰�빐二쇱꽭�슂
�씠�슜�빟愿��뿉 ���빐 �븞�궡�뱶由쎈땲�떎.
沅뚰븳 �떎�뙣
���엯�� Individual怨� Enterprise 以� �븯�굹濡� �엯�젰�빐二쇱꽭�슂
]]></system-out>
  <system-err><![CDATA[]]></system-err>
</testsuite>
