<?xml version="1.0" encoding="UTF-8"?>
<testsuite name="QuestionTest" tests="2" skipped="0" failures="0" errors="0" timestamp="2022-12-14T03:35:50" hostname="DESKTOP-29CPMJ4" time="0.022">
  <properties/>
  <testcase name="directAsk()" classname="QuestionTest" time="0.006"/>
  <testcase name="makeQuestion()" classname="QuestionTest" time="0.014"/>
  <system-out><![CDATA[Contract Email : 01051111111
Contract number : 11@naver.com
Input your question
Member id : aa0000
Add question : DoesSign-upFree?
Question ID : 1 Individual ID : aa0000 Question context : DoesSign-upFree? Answer : null
set questionID = 1
]]></system-out>
  <system-err><![CDATA[]]></system-err>
</testsuite>
