<?xml version="1.0" encoding="UTF-8"?>
<testsuite name="ResumeTest" tests="2" skipped="0" failures="0" errors="0" timestamp="2022-12-14T13:03:50" hostname="DESKTOP-29CPMJ4" time="0.007">
  <properties/>
  <testcase name="UC5-이력서 조회" classname="ResumeTest" time="0.003"/>
  <testcase name="UC5-이력서 작성" classname="ResumeTest" time="0.004"/>
  <system-out><![CDATA[DBBoundary - saveEnterDB() visited
DBBoundary - saveEnterDB() visited
DBBoundary - saveIndiDB() visited
DBBoundary - saveIndiDB() visited
ResumeBoundary - showResume() visited
ResumeController - showResume() visited
DBBoundary - readResumeDB() visited
Success find resume
resumeId: 2
resumeSelfIntroduction: pleaseHireMe!
resumeWorkExperience: 0year
resumeIsOpened: true
resumeIndividualId: aa0000
DBBoundary - saveEnterDB() visited
DBBoundary - saveEnterDB() visited
DBBoundary - saveIndiDB() visited
DBBoundary - saveIndiDB() visited
ResumeBoundary - inputResume() visited
ResumeController - saveResume() visited
ResumeController - getResumeList() visited
DBBoundary - saveResumeDB() visited
Resume Succefully saved!
Resume Id: 1
Resume Owner(Individual) Id: aa1111
Resume selfIntroduction: mynameisaa
Resume workExperience: 1-2years
Resume isOpen: false
ResumeBoundary - inputResume() visited
ResumeController - saveResume() visited
ResumeController - getResumeList() visited
DBBoundary - saveResumeDB() visited
Resume Succefully saved!
Resume Id: 2
Resume Owner(Individual) Id: aa0000
Resume selfIntroduction: pleaseHireMe!
Resume workExperience: 0year
Resume isOpen: true
ResumeBoundary - inputResume() visited
ResumeController - saveResume() visited
ResumeController - getResumeList() visited
DBBoundary - saveResumeDB() visited
Resume Succefully saved!
Resume Id: 3
Resume Owner(Individual) Id: aa1234
Resume selfIntroduction: hello!
Resume workExperience: 5year
Resume isOpen: true
]]></system-out>
  <system-err><![CDATA[]]></system-err>
</testsuite>
