<?xml version="1.0" encoding="UTF-8"?>
<testsuite name="ApplyTest" tests="3" skipped="0" failures="0" errors="0" timestamp="2022-12-14T08:27:46" hostname="DESKTOP-29CPMJ4" time="0.016">
  <properties/>
  <testcase name="UC5-媛쒖씤�씠 嫄곗젅" classname="ApplyTest" time="0.006"/>
  <testcase name="UC5-�젙�긽" classname="ApplyTest" time="0.004"/>
  <testcase name="UC5-媛쒖씤�씠 �닔�씫" classname="ApplyTest" time="0.005"/>
  <system-out><![CDATA[apply saved!
apply saved!
Apply is not accepted!
apply saved!
apply saved!
apply saved!
Apply success!
Apply id :11
Apply individualId :aa1234
Apply enterpriseId :bb1234
apply saved!
apply saved!
Apply is accepted!
workhistory Individual: aa0000
workhistory Enterprise: bb0000
]]></system-out>
  <system-err><![CDATA[]]></system-err>
</testsuite>
