<?xml version="1.0" encoding="UTF-8"?>
<testsuite name="ReviewTest" tests="4" skipped="0" failures="0" errors="0" timestamp="2022-12-14T08:27:46" hostname="DESKTOP-29CPMJ4" time="0.05">
  <properties/>
  <testcase name="UC8-由щ럭 議고쉶 �젙�긽" classname="ReviewTest" time="0.017"/>
  <testcase name="UC8-洹쇰Т �씠�젰 �뾾�쓬" classname="ReviewTest" time="0.007"/>
  <testcase name="UC8-由щ럭 議고쉶 �떎�뙣(湲곗뾽 id �씪移� �빆紐� �뾾�쓬)" classname="ReviewTest" time="0.011"/>
  <testcase name="UC8-由щ럭 �옉�꽦 �젙�긽" classname="ReviewTest" time="0.013"/>
  <system-out><![CDATA[workhistory �솗�씤 �셿猷�: 由щ럭 沅뚰븳 �꽦怨�
由щ럭 �옉�꽦 �꽦怨�
workhistory �솗�씤 �셿猷�: 由щ럭 沅뚰븳 �꽦怨�
由щ럭 �옉�꽦 �꽦怨�
workhistory �솗�씤 �셿猷�: 由щ럭 沅뚰븳 �꽦怨�
由щ럭 �옉�꽦 �꽦怨�
workhistory �솗�씤 �셿猷�: 由щ럭 沅뚰븳 �꽦怨�
由щ럭 �옉�꽦 �꽦怨�
--------------------------
由щ럭 寃��깋 �꽦怨�
湲곗뾽 id: bb0000
由щ럭 �궡�슜: 1234
湲곗뾽 id: bb0000
由щ럭 �궡�슜: 1234
湲곗뾽 id: bb0000
由щ럭 �궡�슜: 1234
湲곗뾽 id: bb0000
由щ럭 �궡�슜: 1234
湲곗뾽 id: bb0000
由щ럭 �궡�슜: 1234
湲곗뾽 id: bb0000
由щ럭 �궡�슜: 1234
湲곗뾽 id: bb0000
由щ럭 �궡�슜: 1234
湲곗뾽 id: bb0000
由щ럭 �궡�슜: 1234
湲곗뾽 id: bb0000
由щ럭 �궡�슜: 1234
湲곗뾽 id: bb0000
由щ럭 �궡�슜: 1234
湲곗뾽 id: bb0000
由щ럭 �궡�슜: 1234
湲곗뾽 id: bb0000
由щ럭 �궡�슜: 1234
湲곗뾽 id: bb0000
由щ럭 �궡�슜: 1234
湲곗뾽 id: bb0000
由щ럭 �궡�슜: 1234
湲곗뾽 id: bb0000
由щ럭 �궡�슜: 1234
湲곗뾽 id: bb0000
由щ럭 �궡�슜: 1234
湲곗뾽 id: bb0000
由щ럭 �궡�슜: 1234
湲곗뾽 id: bb0000
由щ럭 �궡�슜: 1234
湲곗뾽 id: bb0000
由щ럭 �궡�슜: 1234
湲곗뾽 id: bb0000
由щ럭 �궡�슜: 1234
湲곗뾽 id: bb0000
由щ럭 �궡�슜: 1234
湲곗뾽 id: bb0000
由щ럭 �궡�슜: 1234
湲곗뾽 id: bb0000
由щ럭 �궡�슜: 1234
湲곗뾽 id: bb0000
由щ럭 �궡�슜: 1234
湲곗뾽 id: bb0000
由щ럭 �궡�슜: 1234
湲곗뾽 id: bb0000
由щ럭 �궡�슜: 1234
湲곗뾽 id: bb0000
由щ럭 �궡�슜: 1234
湲곗뾽 id: bb0000
由щ럭 �궡�슜: 1234
湲곗뾽 id: bb0000
由щ럭 �궡�슜: 1234
湲곗뾽 id: bb0000
由щ럭 �궡�슜: 1234
湲곗뾽 id: bb0000
由щ럭 �궡�슜: 1234
湲곗뾽 id: bb0000
由щ럭 �궡�슜: 1234
湲곗뾽 id: bb0000
由щ럭 �궡�슜: 1234
湲곗뾽 id: bb0000
由щ럭 �궡�슜: 1234
湲곗뾽 id: bb0000
由щ럭 �궡�슜: 1234
湲곗뾽 id: bb0000
由щ럭 �궡�슜: 1234
湲곗뾽 id: bb0000
由щ럭 �궡�슜: 1234
湲곗뾽 id: bb0000
由щ럭 �궡�슜: 1234
湲곗뾽 id: bb0000
由щ럭 �궡�슜: 1234
湲곗뾽 id: bb0000
由щ럭 �궡�슜: 1234
湲곗뾽 id: bb0000
由щ럭 �궡�슜: 1234
湲곗뾽 id: bb0000
由щ럭 �궡�슜: 1234
湲곗뾽 id: bb0000
由щ럭 �궡�슜: 1234
湲곗뾽 id: bb0000
由щ럭 �궡�슜: 1234
湲곗뾽 id: bb0000
由щ럭 �궡�슜: 1234
湲곗뾽 id: bb0000
由щ럭 �궡�슜: 1234
湲곗뾽 id: bb0000
由щ럭 �궡�슜: 1234
湲곗뾽 id: bb0000
由щ럭 �궡�슜: 1234
湲곗뾽 id: bb0000
由щ럭 �궡�슜: 1234
湲곗뾽 id: bb0000
由щ럭 �궡�슜: 1234
湲곗뾽 id: bb0000
由щ럭 �궡�슜: 1234
湲곗뾽 id: bb0000
由щ럭 �궡�슜: 1234
湲곗뾽 id: bb0000
由щ럭 �궡�슜: 1234
湲곗뾽 id: bb0000
由щ럭 �궡�슜: 1234
湲곗뾽 id: bb0000
由щ럭 �궡�슜: 1234
湲곗뾽 id: bb0000
由щ럭 �궡�슜: 1234
湲곗뾽 id: bb0000
由щ럭 �궡�슜: 1234
湲곗뾽 id: bb0000
由щ럭 �궡�슜: 1234
湲곗뾽 id: bb0000
由щ럭 �궡�슜: 1234
湲곗뾽 id: bb0000
由щ럭 �궡�슜: 1234
湲곗뾽 id: bb0000
由щ럭 �궡�슜: 1234
湲곗뾽 id: bb0000
由щ럭 �궡�슜: 1234
--------------------------
由щ럭 寃��깋 �꽦怨�
湲곗뾽 id: bb0000
由щ럭 �궡�슜: 1234
湲곗뾽 id: bb0000
由щ럭 �궡�슜: 1234
湲곗뾽 id: bb0000
由щ럭 �궡�슜: 1234
湲곗뾽 id: bb0000
由щ럭 �궡�슜: 1234
湲곗뾽 id: bb0000
由щ럭 �궡�슜: 1234
湲곗뾽 id: bb0000
由щ럭 �궡�슜: 1234
湲곗뾽 id: bb0000
由щ럭 �궡�슜: 1234
湲곗뾽 id: bb0000
由щ럭 �궡�슜: 1234
湲곗뾽 id: bb0000
由щ럭 �궡�슜: 1234
湲곗뾽 id: bb0000
由щ럭 �궡�슜: 1234
湲곗뾽 id: bb0000
由щ럭 �궡�슜: 1234
湲곗뾽 id: bb0000
由щ럭 �궡�슜: 1234
湲곗뾽 id: bb0000
由щ럭 �궡�슜: 1234
湲곗뾽 id: bb0000
由щ럭 �궡�슜: 1234
湲곗뾽 id: bb0000
由щ럭 �궡�슜: 1234
湲곗뾽 id: bb0000
由щ럭 �궡�슜: 1234
湲곗뾽 id: bb0000
由щ럭 �궡�슜: 1234
湲곗뾽 id: bb0000
由щ럭 �궡�슜: 1234
湲곗뾽 id: bb0000
由щ럭 �궡�슜: 1234
湲곗뾽 id: bb0000
由щ럭 �궡�슜: 1234
湲곗뾽 id: bb0000
由щ럭 �궡�슜: 1234
湲곗뾽 id: bb0000
由щ럭 �궡�슜: 1234
湲곗뾽 id: bb0000
由щ럭 �궡�슜: 1234
湲곗뾽 id: bb0000
由щ럭 �궡�슜: 1234
湲곗뾽 id: bb0000
由щ럭 �궡�슜: 1234
湲곗뾽 id: bb0000
由щ럭 �궡�슜: 1234
湲곗뾽 id: bb0000
由щ럭 �궡�슜: 1234
湲곗뾽 id: bb0000
由щ럭 �궡�슜: 1234
湲곗뾽 id: bb0000
由щ럭 �궡�슜: 1234
湲곗뾽 id: bb0000
由щ럭 �궡�슜: 1234
湲곗뾽 id: bb0000
由щ럭 �궡�슜: 1234
湲곗뾽 id: bb0000
由щ럭 �궡�슜: 1234
湲곗뾽 id: bb0000
由щ럭 �궡�슜: 1234
湲곗뾽 id: bb0000
由щ럭 �궡�슜: 1234
湲곗뾽 id: bb0000
由щ럭 �궡�슜: 1234
湲곗뾽 id: bb0000
由щ럭 �궡�슜: 1234
湲곗뾽 id: bb0000
由щ럭 �궡�슜: 1234
湲곗뾽 id: bb0000
由щ럭 �궡�슜: 1234
湲곗뾽 id: bb0000
由щ럭 �궡�슜: 1234
湲곗뾽 id: bb0000
由щ럭 �궡�슜: 1234
湲곗뾽 id: bb0000
由щ럭 �궡�슜: 1234
湲곗뾽 id: bb0000
由щ럭 �궡�슜: 1234
湲곗뾽 id: bb0000
由щ럭 �궡�슜: 1234
湲곗뾽 id: bb0000
由щ럭 �궡�슜: 1234
湲곗뾽 id: bb0000
由щ럭 �궡�슜: 1234
湲곗뾽 id: bb0000
由щ럭 �궡�슜: 1234
湲곗뾽 id: bb0000
由щ럭 �궡�슜: 1234
湲곗뾽 id: bb0000
由щ럭 �궡�슜: 1234
湲곗뾽 id: bb0000
由щ럭 �궡�슜: 1234
湲곗뾽 id: bb0000
由щ럭 �궡�슜: 1234
湲곗뾽 id: bb0000
由щ럭 �궡�슜: 1234
湲곗뾽 id: bb0000
由щ럭 �궡�슜: 1234
湲곗뾽 id: bb0000
由щ럭 �궡�슜: 1234
湲곗뾽 id: bb0000
由щ럭 �궡�슜: 1234
湲곗뾽 id: bb0000
由щ럭 �궡�슜: 1234
湲곗뾽 id: bb0000
由щ럭 �궡�슜: 1234
湲곗뾽 id: bb0000
由щ럭 �궡�슜: 1234
湲곗뾽 id: bb0000
由щ럭 �궡�슜: 1234
湲곗뾽 id: bb0000
由щ럭 �궡�슜: 1234
湲곗뾽 id: bb0000
由щ럭 �궡�슜: 1234
湲곗뾽 id: bb0000
由щ럭 �궡�슜: 1234
湲곗뾽 id: bb0000
由щ럭 �궡�슜: 1234
workhistory �솗�씤 �떎�뙣: 由щ럭 沅뚰븳 �떎�뙣
由щ럭 �옉�꽦 �떎�뙣: 沅뚰븳 �뾾�쓬
workhistory �솗�씤 �셿猷�: 由щ럭 沅뚰븳 �꽦怨�
由щ럭 �옉�꽦 �꽦怨�
workhistory �솗�씤 �셿猷�: 由щ럭 沅뚰븳 �꽦怨�
由щ럭 �옉�꽦 �꽦怨�
workhistory �솗�씤 �셿猷�: 由щ럭 沅뚰븳 �꽦怨�
由щ럭 �옉�꽦 �꽦怨�
workhistory �솗�씤 �셿猷�: 由щ럭 沅뚰븳 �꽦怨�
由щ럭 �옉�꽦 �꽦怨�
--------------------------
寃��깋 寃곌낵 �뾾�쓬
workhistory �솗�씤 �셿猷�: 由щ럭 沅뚰븳 �꽦怨�
由щ럭 �옉�꽦 �꽦怨�
workhistory �솗�씤 �셿猷�: 由щ럭 沅뚰븳 �꽦怨�
由щ럭 �옉�꽦 �꽦怨�
workhistory �솗�씤 �셿猷�: 由щ럭 沅뚰븳 �꽦怨�
由щ럭 �옉�꽦 �꽦怨�
workhistory �솗�씤 �셿猷�: 由щ럭 沅뚰븳 �꽦怨�
由щ럭 �옉�꽦 �꽦怨�
]]></system-out>
  <system-err><![CDATA[]]></system-err>
</testsuite>
