<?xml version="1.0" encoding="UTF-8"?>
<testsuite name="AccountTest" tests="15" skipped="0" failures="0" errors="0" timestamp="2022-12-14T03:35:49" hostname="DESKTOP-29CPMJ4" time="0.544">
  <properties/>
  <testcase name="개인 회원 정보 수정 - 비밀번호 불일치 실패" classname="AccountTest" time="0.073"/>
  <testcase name="개인 회원 탈퇴" classname="AccountTest" time="0.015"/>
  <testcase name="UC2-실패(사업자번호 형식 틀림)" classname="AccountTest" time="0.012"/>
  <testcase name="UC1-정상" classname="AccountTest" time="0.012"/>
  <testcase name="기업 회원 탈퇴 실패 - 비밀번호 불일치" classname="AccountTest" time="0.013"/>
  <testcase name="UC2-정상" classname="AccountTest" time="0.014"/>
  <testcase name="기업회원 정보 수정" classname="AccountTest" time="0.169"/>
  <testcase name="UC1-실패(이메일 형식 틀림)" classname="AccountTest" time="0.037"/>
  <testcase name="UC3-정상(개인로그인)" classname="AccountTest" time="0.019"/>
  <testcase name="개인회원 정보 수정" classname="AccountTest" time="0.045"/>
  <testcase name="UC3-정상(기업로그인)" classname="AccountTest" time="0.017"/>
  <testcase name="기업 회원 정보 수정 - 비밀번호 불일치 실패" classname="AccountTest" time="0.018"/>
  <testcase name="UC3-실패(비밀번호 잘못 입력)" classname="AccountTest" time="0.017"/>
  <testcase name="UC1-실패(타입 잘못 입력)" classname="AccountTest" time="0.015"/>
  <testcase name="UC2-실패(타입 잘못 입력)" classname="AccountTest" time="0.016"/>
  <system-out><![CDATA[기업계정 저장 성공
기업계정 저장 성공
개인계정 저장 성공
개인계정 저장 성공
권한 성공
개인계정 저장 성공
개인계정 저장 성공
개인회원 정보 수정 성공
종료
기업계정 저장 성공
기업계정 저장 성공
개인계정 저장 성공
개인계정 저장 성공
탈퇴 약관
개인계정 저장 성공
개인회원 탈퇴 성공
권한 성공
종료
기업계정 저장 성공
기업계정 저장 성공
개인계정 저장 성공
개인계정 저장 성공
이용약관에 대해 안내드립니다.
인증정보를 정확히 입력해주세요.
인증정보를 형식에 맞게 입력해주세요
기업계정 저장 성공
기업계정 저장 성공
개인계정 저장 성공
개인계정 저장 성공
이용약관에 대해 안내드립니다.
개인계정 저장 성공
Signup Success!
개인회원 가입성공!
id: individual
password: 1234
name: individual Name
email: aa1234@naver.com
phoneNumber: 010-7777-7777
age: 55
gender: F
기업계정 저장 성공
기업계정 저장 성공
개인계정 저장 성공
개인계정 저장 성공
비밀번호 불일치
권한 실패
종료
기업계정 저장 성공
기업계정 저장 성공
개인계정 저장 성공
개인계정 저장 성공
이용약관에 대해 안내드립니다.
회사폰넘버: 053-333-3333
기업계정 저장 성공
Signup Success!
기업회원 가입성공! id는: companyid
companyphoneNumber053-333-3333
id: companyid
password: companypassword
companyname: KakaoEnterprise
companynum: 123-45-67890
companyPhonenumber: 053-333-3333
category: IT
companylocation: Daegu
기업계정 저장 성공
기업계정 저장 성공
개인계정 저장 성공
개인계정 저장 성공
id : bb0000
name : steakhouse
Location : Daegu
id : bb1111
name : blueswimming
Location : Daegu
id : bb0000
name : steakhouse
Location : Daegu
id : bb1111
name : blueswimming
Location : Daegu
id : bb0000
name : steakhouse
Location : Daegu
id : bb1111
name : blueswimming
Location : Daegu
id : bb0000
name : steakhouse
Location : Daegu
id : bb1111
name : blueswimming
Location : Daegu
id : bb0000
name : steakhouse
Location : Daegu
id : bb1111
name : blueswimming
Location : Daegu
--------------modify---------------
권한 성공
기업계정 저장 성공
기업계정 저장 성공
기업계정 저장 성공
기업계정 저장 성공
기업계정 저장 성공
기업계정 저장 성공
기업계정 저장 성공
기업계정 저장 성공
기업계정 저장 성공
기업계정 저장 성공
기업계정 저장 성공
기업계정 저장 성공
기업계정 저장 성공
기업계정 저장 성공
기업계정 저장 성공
기업계정 저장 성공
기업회원 정보 수정 성공
종료
-------------------------------------------
권한 성공
기업계정 저장 성공
기업계정 저장 성공
기업계정 저장 성공
기업계정 저장 성공
기업계정 저장 성공
기업계정 저장 성공
기업계정 저장 성공
기업계정 저장 성공
기업계정 저장 성공
기업계정 저장 성공
기업계정 저장 성공
기업계정 저장 성공
기업계정 저장 성공
기업계정 저장 성공
기업계정 저장 성공
기업계정 저장 성공
기업계정 저장 성공
기업계정 저장 성공
기업계정 저장 성공
기업계정 저장 성공
기업계정 저장 성공
기업계정 저장 성공
기업계정 저장 성공
기업계정 저장 성공
기업계정 저장 성공
기업계정 저장 성공
기업계정 저장 성공
기업계정 저장 성공
기업계정 저장 성공
기업계정 저장 성공
기업계정 저장 성공
기업계정 저장 성공
기업계정 저장 성공
기업계정 저장 성공
기업계정 저장 성공
기업계정 저장 성공
기업계정 저장 성공
기업계정 저장 성공
기업계정 저장 성공
기업계정 저장 성공
기업계정 저장 성공
기업계정 저장 성공
기업계정 저장 성공
기업계정 저장 성공
기업계정 저장 성공
기업계정 저장 성공
기업계정 저장 성공
기업계정 저장 성공
기업계정 저장 성공
기업계정 저장 성공
기업계정 저장 성공
기업계정 저장 성공
기업계정 저장 성공
기업계정 저장 성공
기업계정 저장 성공
기업계정 저장 성공
기업계정 저장 성공
기업계정 저장 성공
기업계정 저장 성공
기업계정 저장 성공
기업계정 저장 성공
기업계정 저장 성공
기업계정 저장 성공
기업계정 저장 성공
기업회원 정보 수정 성공
종료
--------------result----------------
id : bb1111
name : blueswimming
Location : Daegu
id : bb1111
name : blueswimming
Location : Daegu
id : bb0000
name : steakhouse
Location : Daegu
id : bb1111
name : blueswimming
Location : Daegu
id : bb0000
name : steakhouse
Location : Daegu
id : bb1111
name : blueswimming
Location : Daegu
id : bb0000
name : steakhouse
Location : Daegu
id : bb1111
name : blueswimming
Location : Daegu
id : bb0000
name : steakhouse
Location : Daegu
id : bb1111
name : blueswimming
Location : Daegu
id : bb0000
name : steakhouse
Location : Daegu
id : bb1111
name : blueswimming
Location : Daegu
id : bb0000
name : steakhouse
Location : Daegu
id : bb1111
name : blueswimming
Location : Daegu
id : bb0000
name : different_company_Name
Location : Daegu
id : bb1111
name : blueswimming
Location : Daegu
id : bb0000
name : steakhouse
Location : Daegu
id : bb1111
name : blueswimming
Location : Daegu
id : bb0000
name : steakhouse
Location : Daegu
id : bb1111
name : blueswimming
Location : Daegu
id : bb0000
name : steakhouse
Location : Daegu
id : bb1111
name : blueswimming
Location : Daegu
id : bb0000
name : steakhouse
Location : Daegu
id : bb1111
name : blueswimming
Location : Daegu
id : bb0000
name : steakhouse
Location : Daegu
id : bb1111
name : blueswimming
Location : Daegu
id : bb0000
name : steakhouse
Location : Daegu
id : bb1111
name : blueswimming
Location : Daegu
id : bb0000
name : steakhouse
Location : Daegu
id : bb1111
name : blueswimming
Location : Daegu
id : bb0000
name : different_company_Name
Location : Daegu
id : bb1111
name : blueswimming
Location : Daegu
id : bb0000
name : steakhouse
Location : Daegu
id : bb1111
name : blueswimming
Location : Daegu
id : bb0000
name : steakhouse
Location : Daegu
id : bb1111
name : blueswimming
Location : Daegu
id : bb0000
name : steakhouse
Location : Daegu
id : bb1111
name : blueswimming
Location : Daegu
id : bb0000
name : steakhouse
Location : Daegu
id : bb1111
name : blueswimming
Location : Daegu
id : bb0000
name : steakhouse
Location : Daegu
id : bb1111
name : blueswimming
Location : Daegu
id : bb0000
name : steakhouse
Location : Daegu
id : bb1111
name : blueswimming
Location : Daegu
id : bb0000
name : steakhouse
Location : Daegu
id : bb1111
name : blueswimming
Location : Daegu
id : bb0000
name : different_company_Name
Location : Daegu
id : bb1111
name : blueswimming
Location : Daegu
id : bb0000
name : steakhouse
Location : Daegu
id : bb1111
name : blueswimming
Location : Daegu
id : bb0000
name : steakhouse
Location : Daegu
id : bb1111
name : blueswimming
Location : Daegu
id : bb0000
name : steakhouse
Location : Daegu
id : bb1111
name : blueswimming
Location : Daegu
id : bb0000
name : steakhouse
Location : Daegu
id : bb1111
name : blueswimming
Location : Daegu
id : bb0000
name : steakhouse
Location : Daegu
id : bb1111
name : blueswimming
Location : Daegu
id : bb0000
name : steakhouse
Location : Daegu
id : bb1111
name : blueswimming
Location : Daegu
id : bb0000
name : steakhouse
Location : Daegu
id : bb1111
name : blueswimming
Location : Daegu
id : bb0000
name : different_company_Name
Location : Daegu
id : bb0000
name : steakhouse
Location : Seoul
id : bb1111
name : blueswimming
Location : Daegu
id : bb1111
name : blueswimming
Location : Daegu
id : bb0000
name : steakhouse
Location : Daegu
id : bb1111
name : blueswimming
Location : Daegu
id : bb0000
name : steakhouse
Location : Daegu
id : bb1111
name : blueswimming
Location : Daegu
id : bb0000
name : steakhouse
Location : Daegu
id : bb1111
name : blueswimming
Location : Daegu
id : bb0000
name : steakhouse
Location : Daegu
id : bb1111
name : blueswimming
Location : Daegu
id : bb0000
name : steakhouse
Location : Daegu
id : bb1111
name : blueswimming
Location : Daegu
id : bb0000
name : steakhouse
Location : Daegu
id : bb1111
name : blueswimming
Location : Daegu
id : bb0000
name : different_company_Name
Location : Daegu
id : bb1111
name : blueswimming
Location : Daegu
id : bb0000
name : steakhouse
Location : Daegu
id : bb1111
name : blueswimming
Location : Daegu
id : bb0000
name : steakhouse
Location : Daegu
id : bb1111
name : blueswimming
Location : Daegu
id : bb0000
name : steakhouse
Location : Daegu
id : bb1111
name : blueswimming
Location : Daegu
id : bb0000
name : steakhouse
Location : Daegu
id : bb1111
name : blueswimming
Location : Daegu
id : bb0000
name : steakhouse
Location : Daegu
id : bb1111
name : blueswimming
Location : Daegu
id : bb0000
name : steakhouse
Location : Daegu
id : bb1111
name : blueswimming
Location : Daegu
id : bb0000
name : steakhouse
Location : Daegu
id : bb1111
name : blueswimming
Location : Daegu
id : bb0000
name : different_company_Name
Location : Daegu
id : bb1111
name : blueswimming
Location : Daegu
id : bb0000
name : steakhouse
Location : Daegu
id : bb1111
name : blueswimming
Location : Daegu
id : bb0000
name : steakhouse
Location : Daegu
id : bb1111
name : blueswimming
Location : Daegu
id : bb0000
name : steakhouse
Location : Daegu
id : bb1111
name : blueswimming
Location : Daegu
id : bb0000
name : steakhouse
Location : Daegu
id : bb1111
name : blueswimming
Location : Daegu
id : bb0000
name : steakhouse
Location : Daegu
id : bb1111
name : blueswimming
Location : Daegu
id : bb0000
name : steakhouse
Location : Daegu
id : bb1111
name : blueswimming
Location : Daegu
id : bb0000
name : steakhouse
Location : Daegu
id : bb1111
name : blueswimming
Location : Daegu
id : bb0000
name : different_company_Name
Location : Daegu
id : bb1111
name : blueswimming
Location : Daegu
id : bb0000
name : steakhouse
Location : Daegu
id : bb1111
name : blueswimming
Location : Daegu
id : bb0000
name : steakhouse
Location : Daegu
id : bb1111
name : blueswimming
Location : Daegu
id : bb0000
name : steakhouse
Location : Daegu
id : bb1111
name : blueswimming
Location : Daegu
id : bb0000
name : steakhouse
Location : Daegu
id : bb1111
name : blueswimming
Location : Daegu
id : bb0000
name : steakhouse
Location : Daegu
id : bb1111
name : blueswimming
Location : Daegu
id : bb0000
name : steakhouse
Location : Daegu
id : bb1111
name : blueswimming
Location : Daegu
id : bb0000
name : steakhouse
Location : Daegu
id : bb1111
name : blueswimming
Location : Daegu
id : bb0000
name : different_company_Name
Location : Daegu
id : bb0000
name : steakhouse
Location : Seoul
기업계정 저장 성공
기업계정 저장 성공
개인계정 저장 성공
개인계정 저장 성공
이용약관에 대해 안내드립니다.
인증정보를 정확히 입력해주세요.
기업계정 저장 성공
기업계정 저장 성공
개인계정 저장 성공
개인계정 저장 성공
권한 성공
id는: aa1111
기업계정 저장 성공
기업계정 저장 성공
개인계정 저장 성공
개인계정 저장 성공
id : aa0000
name : janny
Age : 25
id : aa1111
name : Tom
Age : 21
--------------modify---------------
권한 성공
개인계정 저장 성공
개인계정 저장 성공
개인회원 정보 수정 성공
종료
-------------------------------------------
권한 성공
개인계정 저장 성공
개인계정 저장 성공
개인회원 정보 수정 성공
종료
--------------result----------------
id : aa0000
name : different_Name
Age : 25
id : aa1111
name : Tom
Age : 88
기업계정 저장 성공
기업계정 저장 성공
개인계정 저장 성공
개인계정 저장 성공
권한 성공
기업id는 : bb1111
기업계정 저장 성공
기업계정 저장 성공
개인계정 저장 성공
개인계정 저장 성공
비밀번호 불일치
권한 실패
종료
기업계정 저장 성공
기업계정 저장 성공
개인계정 저장 성공
개인계정 저장 성공
비밀번호가 틀렸습니다
기업계정 저장 성공
기업계정 저장 성공
개인계정 저장 성공
개인계정 저장 성공
이용약관에 대해 안내드립니다.
타입은 Individual과 Enterprise 중 하나로 입력해주세요
기업계정 저장 성공
기업계정 저장 성공
개인계정 저장 성공
개인계정 저장 성공
이용약관에 대해 안내드립니다.
타입은 Individual과 Enterprise 중 하나로 입력해주세요
타입은 Individual과 Enterprise 중 하나로 입력해주세요
]]></system-out>
  <system-err><![CDATA[]]></system-err>
</testsuite>
