<?xml version="1.0" encoding="UTF-8"?>
<testsuite name="ApplyTest" tests="3" skipped="0" failures="0" errors="0" timestamp="2022-12-14T12:20:52" hostname="DESKTOP-29CPMJ4" time="0.015">
  <properties/>
  <testcase name="UC5-개인이 거절" classname="ApplyTest" time="0.004"/>
  <testcase name="UC5-정상" classname="ApplyTest" time="0.003"/>
  <testcase name="UC5-개인이 수락" classname="ApplyTest" time="0.006"/>
  <system-out><![CDATA[apply saved!
apply saved!
Apply is not accepted!
apply saved!
apply saved!
apply saved!
Apply success!
Apply id :11
Apply individualId :aa1234
Apply enterpriseId :bb1234
apply saved!
apply saved!
Apply is accepted!
workhistory Individual: aa0000
workhistory Enterprise: bb0000
]]></system-out>
  <system-err><![CDATA[]]></system-err>
</testsuite>
