<?xml version="1.0" encoding="UTF-8"?>
<testsuite name="ReportTest" tests="2" skipped="0" failures="0" errors="0" timestamp="2022-12-14T08:27:46" hostname="DESKTOP-29CPMJ4" time="0.011">
  <properties/>
  <testcase name="UC10-�떊怨� 諛섎젮" classname="ReportTest" time="0.004"/>
  <testcase name="UC10-�떊怨� �젙�긽" classname="ReportTest" time="0.007"/>
  <system-out><![CDATA[User Input Report Context = SpamContents
reportID : 1 reportMemberID : aa0000 reportedMemberID : aa1111 ReportContext : SpamContents
Judgement = true
Remove report id : 1
User Input Report Context = SpamContents
reportID : 1 reportMemberID : aa0000 reportedMemberID : aa1111 ReportContext : SpamContents
Judgement = true
Reported Member's Info = 
aa111123aa1111@naver.com010-1111-1111
aa1111 member has been blocked
媛쒖씤�쉶�썝 �젙蹂� �닔�젙 �꽦怨�
]]></system-out>
  <system-err><![CDATA[]]></system-err>
</testsuite>
