<?xml version="1.0" encoding="UTF-8"?>
<testsuite name="QuestionTest" tests="2" skipped="0" failures="0" errors="0" timestamp="2022-12-14T13:03:50" hostname="DESKTOP-29CPMJ4" time="0.006">
  <properties/>
  <testcase name="UC9-관리자 직접연락 정보조회" classname="QuestionTest" time="0.002"/>
  <testcase name="UC9-질문 등록 정상" classname="QuestionTest" time="0.004"/>
  <system-out><![CDATA[DBBoundary - clearDB() visited
QuestionController - showMail() visited
QuestionController - showPhoneNumber() visited
Contract Email : 01051111111
Contract number : 11@naver.com
DBBoundary - clearDB() visited
Input your question
QuestionController - addQuestion() visited
DBBoundary - saveQuestionDB() visited
DBBoundary - countLine() visited
Member id : aa0000
Add question : DoesSign-upFree?
QuestionController - findQuestion() visited
DBBoundary - readQuestionDB() visited
Question ID : 1 Individual ID : aa0000 Question context : DoesSign-upFree? Answer : null
set questionID = 1
QuestionController - addAnswer() visited
DBBoundary - readQuestionDB() visited
DBBoundary - clearDB() visited
DBBoundary - saveQuestionDB() visited
DBBoundary - countLine() visited
]]></system-out>
  <system-err><![CDATA[]]></system-err>
</testsuite>
