<?xml version="1.0" encoding="UTF-8"?>
<testsuite name="ReviewTest" tests="4" skipped="0" failures="0" errors="0" timestamp="2022-12-14T13:03:50" hostname="DESKTOP-29CPMJ4" time="0.051">
  <properties/>
  <testcase name="UC8-리뷰 조회 정상" classname="ReviewTest" time="0.014"/>
  <testcase name="UC8-근무 이력 없음" classname="ReviewTest" time="0.007"/>
  <testcase name="UC8-리뷰 조회 실패(기업 id 일치 항목 없음)" classname="ReviewTest" time="0.014"/>
  <testcase name="UC8-리뷰 작성 정상" classname="ReviewTest" time="0.014"/>
  <system-out><![CDATA[DBBoundary - saveEnterDB() visited
DBBoundary - saveEnterDB() visited
DBBoundary - saveIndiDB() visited
DBBoundary - saveIndiDB() visited
DBBoundary - saveWorkHistoryDB() visited
DBBoundary - saveWorkHistoryDB() visited
DBBoundary - saveWorkHistoryDB() visited
DBBoundary - saveWorkHistoryDB() visited
ReviewBoundary - makeAReview() visited
ReviewController - verifyWorkHistory() visited
DBBoundary - readIndiDB() visited
DBBoundary - readWorkHistoryDB() visited
workhistory 확인 완료: 리뷰 권한 성공
ReviewController - addToReviewList() visited
DBBoundary - saveReviewDB() visited
리뷰 작성 성공
ReviewBoundary - makeAReview() visited
ReviewController - verifyWorkHistory() visited
DBBoundary - readIndiDB() visited
DBBoundary - readWorkHistoryDB() visited
workhistory 확인 완료: 리뷰 권한 성공
ReviewController - addToReviewList() visited
DBBoundary - saveReviewDB() visited
리뷰 작성 성공
ReviewBoundary - makeAReview() visited
ReviewController - verifyWorkHistory() visited
DBBoundary - readIndiDB() visited
DBBoundary - readWorkHistoryDB() visited
workhistory 확인 완료: 리뷰 권한 성공
ReviewController - addToReviewList() visited
DBBoundary - saveReviewDB() visited
리뷰 작성 성공
ReviewBoundary - makeAReview() visited
ReviewController - verifyWorkHistory() visited
DBBoundary - readIndiDB() visited
DBBoundary - readWorkHistoryDB() visited
workhistory 확인 완료: 리뷰 권한 성공
ReviewController - addToReviewList() visited
DBBoundary - saveReviewDB() visited
리뷰 작성 성공
--------------------------
ReviewBoundary - searchAReview() visited
ReviewController - readReviewById() visited
DBBoundary - readReviewDB() visited
리뷰 검색 성공
기업 id: bb0000
리뷰 내용: 1234
기업 id: bb0000
리뷰 내용: 1234
기업 id: bb0000
리뷰 내용: 1234
기업 id: bb0000
리뷰 내용: 1234
기업 id: bb0000
리뷰 내용: 1234
기업 id: bb0000
리뷰 내용: 1234
기업 id: bb0000
리뷰 내용: 1234
기업 id: bb0000
리뷰 내용: 1234
기업 id: bb0000
리뷰 내용: 1234
기업 id: bb0000
리뷰 내용: 1234
기업 id: bb0000
리뷰 내용: 1234
기업 id: bb0000
리뷰 내용: 1234
기업 id: bb0000
리뷰 내용: 1234
기업 id: bb0000
리뷰 내용: 1234
기업 id: bb0000
리뷰 내용: 1234
기업 id: bb0000
리뷰 내용: 1234
기업 id: bb0000
리뷰 내용: 1234
기업 id: bb0000
리뷰 내용: 1234
기업 id: bb0000
리뷰 내용: 1234
기업 id: bb0000
리뷰 내용: 1234
기업 id: bb0000
리뷰 내용: 1234
기업 id: bb0000
리뷰 내용: 1234
기업 id: bb0000
리뷰 내용: 1234
기업 id: bb0000
리뷰 내용: 1234
기업 id: bb0000
리뷰 내용: 1234
기업 id: bb0000
리뷰 내용: 1234
기업 id: bb0000
리뷰 내용: 1234
기업 id: bb0000
리뷰 내용: 1234
기업 id: bb0000
리뷰 내용: 1234
기업 id: bb0000
리뷰 내용: 1234
기업 id: bb0000
리뷰 내용: 1234
기업 id: bb0000
리뷰 내용: 1234
기업 id: bb0000
리뷰 내용: 1234
기업 id: bb0000
리뷰 내용: 1234
기업 id: bb0000
리뷰 내용: 1234
기업 id: bb0000
리뷰 내용: 1234
기업 id: bb0000
리뷰 내용: 1234
기업 id: bb0000
리뷰 내용: 1234
기업 id: bb0000
리뷰 내용: 1234
기업 id: bb0000
리뷰 내용: 1234
기업 id: bb0000
리뷰 내용: 1234
기업 id: bb0000
리뷰 내용: 1234
기업 id: bb0000
리뷰 내용: 1234
기업 id: bb0000
리뷰 내용: 1234
기업 id: bb0000
리뷰 내용: 1234
기업 id: bb0000
리뷰 내용: 1234
기업 id: bb0000
리뷰 내용: 1234
기업 id: bb0000
리뷰 내용: 1234
기업 id: bb0000
리뷰 내용: 1234
기업 id: bb0000
리뷰 내용: 1234
기업 id: bb0000
리뷰 내용: 1234
기업 id: bb0000
리뷰 내용: 1234
기업 id: bb0000
리뷰 내용: 1234
기업 id: bb0000
리뷰 내용: 1234
기업 id: bb0000
리뷰 내용: 1234
기업 id: bb0000
리뷰 내용: 1234
기업 id: bb0000
리뷰 내용: 1234
기업 id: bb0000
리뷰 내용: 1234
기업 id: bb0000
리뷰 내용: 1234
기업 id: bb0000
리뷰 내용: 1234
기업 id: bb0000
리뷰 내용: 1234
기업 id: bb0000
리뷰 내용: 1234
기업 id: bb0000
리뷰 내용: 1234
기업 id: bb0000
리뷰 내용: 1234
기업 id: bb0000
리뷰 내용: 1234
기업 id: bb0000
리뷰 내용: 1234
기업 id: bb0000
리뷰 내용: 1234
기업 id: bb0000
리뷰 내용: 1234
기업 id: bb0000
리뷰 내용: 1234
기업 id: bb0000
리뷰 내용: 1234
기업 id: bb0000
리뷰 내용: 1234
기업 id: bb0000
리뷰 내용: 1234
기업 id: bb0000
리뷰 내용: 1234
기업 id: bb0000
리뷰 내용: 1234
기업 id: bb0000
리뷰 내용: 1234
기업 id: bb0000
리뷰 내용: 1234
기업 id: bb0000
리뷰 내용: 1234
기업 id: bb0000
리뷰 내용: 1234
기업 id: bb0000
리뷰 내용: 1234
기업 id: bb0000
리뷰 내용: 1234
기업 id: bb0000
리뷰 내용: 1234
기업 id: bb0000
리뷰 내용: 1234
기업 id: bb0000
리뷰 내용: 1234
기업 id: bb0000
리뷰 내용: 1234
기업 id: bb0000
리뷰 내용: 1234
기업 id: bb0000
리뷰 내용: 1234
기업 id: bb0000
리뷰 내용: 1234
기업 id: bb0000
리뷰 내용: 1234
기업 id: bb0000
리뷰 내용: 1234
기업 id: bb0000
리뷰 내용: 1234
--------------------------
ReviewBoundary - searchAReview() visited
ReviewController - readReviewById() visited
DBBoundary - readReviewDB() visited
리뷰 검색 성공
기업 id: bb0000
리뷰 내용: 1234
기업 id: bb0000
리뷰 내용: 1234
기업 id: bb0000
리뷰 내용: 1234
기업 id: bb0000
리뷰 내용: 1234
기업 id: bb0000
리뷰 내용: 1234
기업 id: bb0000
리뷰 내용: 1234
기업 id: bb0000
리뷰 내용: 1234
기업 id: bb0000
리뷰 내용: 1234
기업 id: bb0000
리뷰 내용: 1234
기업 id: bb0000
리뷰 내용: 1234
기업 id: bb0000
리뷰 내용: 1234
기업 id: bb0000
리뷰 내용: 1234
기업 id: bb0000
리뷰 내용: 1234
기업 id: bb0000
리뷰 내용: 1234
기업 id: bb0000
리뷰 내용: 1234
기업 id: bb0000
리뷰 내용: 1234
기업 id: bb0000
리뷰 내용: 1234
기업 id: bb0000
리뷰 내용: 1234
기업 id: bb0000
리뷰 내용: 1234
기업 id: bb0000
리뷰 내용: 1234
기업 id: bb0000
리뷰 내용: 1234
기업 id: bb0000
리뷰 내용: 1234
기업 id: bb0000
리뷰 내용: 1234
기업 id: bb0000
리뷰 내용: 1234
기업 id: bb0000
리뷰 내용: 1234
기업 id: bb0000
리뷰 내용: 1234
기업 id: bb0000
리뷰 내용: 1234
기업 id: bb0000
리뷰 내용: 1234
기업 id: bb0000
리뷰 내용: 1234
기업 id: bb0000
리뷰 내용: 1234
기업 id: bb0000
리뷰 내용: 1234
기업 id: bb0000
리뷰 내용: 1234
기업 id: bb0000
리뷰 내용: 1234
기업 id: bb0000
리뷰 내용: 1234
기업 id: bb0000
리뷰 내용: 1234
기업 id: bb0000
리뷰 내용: 1234
기업 id: bb0000
리뷰 내용: 1234
기업 id: bb0000
리뷰 내용: 1234
기업 id: bb0000
리뷰 내용: 1234
기업 id: bb0000
리뷰 내용: 1234
기업 id: bb0000
리뷰 내용: 1234
기업 id: bb0000
리뷰 내용: 1234
기업 id: bb0000
리뷰 내용: 1234
기업 id: bb0000
리뷰 내용: 1234
기업 id: bb0000
리뷰 내용: 1234
기업 id: bb0000
리뷰 내용: 1234
기업 id: bb0000
리뷰 내용: 1234
기업 id: bb0000
리뷰 내용: 1234
기업 id: bb0000
리뷰 내용: 1234
기업 id: bb0000
리뷰 내용: 1234
기업 id: bb0000
리뷰 내용: 1234
기업 id: bb0000
리뷰 내용: 1234
기업 id: bb0000
리뷰 내용: 1234
기업 id: bb0000
리뷰 내용: 1234
기업 id: bb0000
리뷰 내용: 1234
기업 id: bb0000
리뷰 내용: 1234
기업 id: bb0000
리뷰 내용: 1234
기업 id: bb0000
리뷰 내용: 1234
기업 id: bb0000
리뷰 내용: 1234
기업 id: bb0000
리뷰 내용: 1234
기업 id: bb0000
리뷰 내용: 1234
기업 id: bb0000
리뷰 내용: 1234
기업 id: bb0000
리뷰 내용: 1234
기업 id: bb0000
리뷰 내용: 1234
기업 id: bb0000
리뷰 내용: 1234
기업 id: bb0000
리뷰 내용: 1234
기업 id: bb0000
리뷰 내용: 1234
기업 id: bb0000
리뷰 내용: 1234
기업 id: bb0000
리뷰 내용: 1234
기업 id: bb0000
리뷰 내용: 1234
기업 id: bb0000
리뷰 내용: 1234
기업 id: bb0000
리뷰 내용: 1234
기업 id: bb0000
리뷰 내용: 1234
기업 id: bb0000
리뷰 내용: 1234
기업 id: bb0000
리뷰 내용: 1234
기업 id: bb0000
리뷰 내용: 1234
기업 id: bb0000
리뷰 내용: 1234
기업 id: bb0000
리뷰 내용: 1234
기업 id: bb0000
리뷰 내용: 1234
기업 id: bb0000
리뷰 내용: 1234
기업 id: bb0000
리뷰 내용: 1234
기업 id: bb0000
리뷰 내용: 1234
기업 id: bb0000
리뷰 내용: 1234
기업 id: bb0000
리뷰 내용: 1234
기업 id: bb0000
리뷰 내용: 1234
기업 id: bb0000
리뷰 내용: 1234
기업 id: bb0000
리뷰 내용: 1234
기업 id: bb0000
리뷰 내용: 1234
기업 id: bb0000
리뷰 내용: 1234
기업 id: bb0000
리뷰 내용: 1234
DBBoundary - saveEnterDB() visited
DBBoundary - saveEnterDB() visited
DBBoundary - saveIndiDB() visited
DBBoundary - saveIndiDB() visited
DBBoundary - saveWorkHistoryDB() visited
DBBoundary - saveWorkHistoryDB() visited
DBBoundary - saveWorkHistoryDB() visited
DBBoundary - saveWorkHistoryDB() visited
ReviewBoundary - makeAReview() visited
ReviewController - verifyWorkHistory() visited
DBBoundary - readIndiDB() visited
DBBoundary - readWorkHistoryDB() visited
workhistory 확인 실패: 리뷰 권한 실패
리뷰 작성 실패: 권한 없음
DBBoundary - saveEnterDB() visited
DBBoundary - saveEnterDB() visited
DBBoundary - saveIndiDB() visited
DBBoundary - saveIndiDB() visited
DBBoundary - saveWorkHistoryDB() visited
DBBoundary - saveWorkHistoryDB() visited
DBBoundary - saveWorkHistoryDB() visited
DBBoundary - saveWorkHistoryDB() visited
ReviewBoundary - makeAReview() visited
ReviewController - verifyWorkHistory() visited
DBBoundary - readIndiDB() visited
DBBoundary - readWorkHistoryDB() visited
workhistory 확인 완료: 리뷰 권한 성공
ReviewController - addToReviewList() visited
DBBoundary - saveReviewDB() visited
리뷰 작성 성공
ReviewBoundary - makeAReview() visited
ReviewController - verifyWorkHistory() visited
DBBoundary - readIndiDB() visited
DBBoundary - readWorkHistoryDB() visited
workhistory 확인 완료: 리뷰 권한 성공
ReviewController - addToReviewList() visited
DBBoundary - saveReviewDB() visited
리뷰 작성 성공
ReviewBoundary - makeAReview() visited
ReviewController - verifyWorkHistory() visited
DBBoundary - readIndiDB() visited
DBBoundary - readWorkHistoryDB() visited
workhistory 확인 완료: 리뷰 권한 성공
ReviewController - addToReviewList() visited
DBBoundary - saveReviewDB() visited
리뷰 작성 성공
ReviewBoundary - makeAReview() visited
ReviewController - verifyWorkHistory() visited
DBBoundary - readIndiDB() visited
DBBoundary - readWorkHistoryDB() visited
workhistory 확인 완료: 리뷰 권한 성공
ReviewController - addToReviewList() visited
DBBoundary - saveReviewDB() visited
리뷰 작성 성공
--------------------------
ReviewBoundary - searchAReview() visited
ReviewController - readReviewById() visited
DBBoundary - readReviewDB() visited
검색 결과 없음
DBBoundary - saveEnterDB() visited
DBBoundary - saveEnterDB() visited
DBBoundary - saveIndiDB() visited
DBBoundary - saveIndiDB() visited
DBBoundary - saveWorkHistoryDB() visited
DBBoundary - saveWorkHistoryDB() visited
DBBoundary - saveWorkHistoryDB() visited
DBBoundary - saveWorkHistoryDB() visited
ReviewBoundary - makeAReview() visited
ReviewController - verifyWorkHistory() visited
DBBoundary - readIndiDB() visited
DBBoundary - readWorkHistoryDB() visited
workhistory 확인 완료: 리뷰 권한 성공
ReviewController - addToReviewList() visited
DBBoundary - saveReviewDB() visited
리뷰 작성 성공
ReviewBoundary - makeAReview() visited
ReviewController - verifyWorkHistory() visited
DBBoundary - readIndiDB() visited
DBBoundary - readWorkHistoryDB() visited
workhistory 확인 완료: 리뷰 권한 성공
ReviewController - addToReviewList() visited
DBBoundary - saveReviewDB() visited
리뷰 작성 성공
ReviewBoundary - makeAReview() visited
ReviewController - verifyWorkHistory() visited
DBBoundary - readIndiDB() visited
DBBoundary - readWorkHistoryDB() visited
workhistory 확인 완료: 리뷰 권한 성공
ReviewController - addToReviewList() visited
DBBoundary - saveReviewDB() visited
리뷰 작성 성공
ReviewBoundary - makeAReview() visited
ReviewController - verifyWorkHistory() visited
DBBoundary - readIndiDB() visited
DBBoundary - readWorkHistoryDB() visited
workhistory 확인 완료: 리뷰 권한 성공
ReviewController - addToReviewList() visited
DBBoundary - saveReviewDB() visited
리뷰 작성 성공
]]></system-out>
  <system-err><![CDATA[]]></system-err>
</testsuite>
