<?xml version="1.0" encoding="UTF-8"?>
<testsuite name="QuestionTest" tests="2" skipped="0" failures="0" errors="0" timestamp="2022-12-14T08:27:46" hostname="DESKTOP-29CPMJ4" time="0.005">
  <properties/>
  <testcase name="UC9-愿�由ъ옄 吏곸젒�뿰�씫 �젙蹂댁“�쉶" classname="QuestionTest" time="0.001"/>
  <testcase name="UC9-吏덈Ц �벑濡� �젙�긽" classname="QuestionTest" time="0.004"/>
  <system-out><![CDATA[Contract Email : 01051111111
Contract number : 11@naver.com
Input your question
Member id : aa0000
Add question : DoesSign-upFree?
Question ID : 1 Individual ID : aa0000 Question context : DoesSign-upFree? Answer : null
set questionID = 1
]]></system-out>
  <system-err><![CDATA[]]></system-err>
</testsuite>
